Log file open, 09/30/19 17:00:49
LogWindows: Failed to load 'aqProf.dll' (GetLastError=126)
LogWindows: File 'aqProf.dll' does not exist
LogWindows: Failed to load 'VtuneApi.dll' (GetLastError=126)
LogWindows: File 'VtuneApi.dll' does not exist
LogWindows: Failed to load 'VtuneApi32e.dll' (GetLastError=126)
LogWindows: File 'VtuneApi32e.dll' does not exist
LogConsoleResponse: Display: Failed to find resolution value strings in scalability ini. Falling back to default.
LogInit: Display: Running engine for game: BreakoutBall
LogPlatformFile: Not using cached read wrapper
LogTaskGraph: Started task graph with 5 named threads and 23 total threads with 3 sets of task threads.
LogStats: Stats thread started at 0.251083
LogD3D11RHI: Loaded GFSDK_Aftermath_Lib.x64.dll
LogICUInternationalization: ICU TimeZone Detection - Raw Offset: +2:00, Platform Override: ''
LogPluginManager: Mounting plugin Paper2D
LogPluginManager: Mounting plugin AISupport
LogPluginManager: Mounting plugin LightPropagationVolume
LogPluginManager: Mounting plugin ActorLayerUtilities
LogPluginManager: Mounting plugin AnimationSharing
LogPluginManager: Mounting plugin CLionSourceCodeAccess
LogPluginManager: Mounting plugin CodeLiteSourceCodeAccess
LogPluginManager: Mounting plugin GitSourceControl
LogPluginManager: Mounting plugin KDevelopSourceCodeAccess
LogPluginManager: Mounting plugin NullSourceCodeAccess
LogPluginManager: Mounting plugin PerforceSourceControl
LogPluginManager: Mounting plugin SubversionSourceControl
LogPluginManager: Mounting plugin UObjectPlugin
LogPluginManager: Mounting plugin VisualStudioCodeSourceCodeAccess
LogPluginManager: Mounting plugin VisualStudioSourceCodeAccess
LogPluginManager: Mounting plugin XCodeSourceCodeAccess
LogPluginManager: Mounting plugin AssetManagerEditor
LogPluginManager: Mounting plugin CryptoKeys
LogPluginManager: Mounting plugin CurveEditorTools
LogPluginManager: Mounting plugin DataValidation
LogPluginManager: Mounting plugin FacialAnimation
LogPluginManager: Mounting plugin GameplayTagsEditor
LogPluginManager: Mounting plugin MacGraphicsSwitching
LogPluginManager: Mounting plugin MaterialAnalyzer
LogPluginManager: Mounting plugin MobileLauncherProfileWizard
LogPluginManager: Mounting plugin PluginBrowser
LogPluginManager: Mounting plugin SpeedTreeImporter
LogPluginManager: Mounting plugin DatasmithContent
LogPluginManager: Mounting plugin VariantManagerContent
LogPluginManager: Mounting plugin AlembicImporter
LogPluginManager: Mounting plugin AutomationUtils
LogPluginManager: Mounting plugin BackChannel
LogPluginManager: Mounting plugin CharacterAI
LogPluginManager: Mounting plugin GeometryCache
LogPluginManager: Mounting plugin HTML5Networking
LogPluginManager: Mounting plugin PlatformCrypto
LogPluginManager: Mounting plugin ProxyLODPlugin
LogPluginManager: Mounting plugin SkeletalReduction
LogPluginManager: Mounting plugin MagicLeap
LogPluginManager: Mounting plugin MagicLeapMedia
LogPluginManager: Mounting plugin AndroidMedia
LogPluginManager: Mounting plugin AvfMedia
LogPluginManager: Mounting plugin ImgMedia
LogPluginManager: Mounting plugin MediaCompositing
LogPluginManager: Mounting plugin MediaPlayerEditor
LogPluginManager: Mounting plugin WebMMedia
LogPluginManager: Mounting plugin WmfMedia
LogPluginManager: Mounting plugin TcpMessaging
LogPluginManager: Mounting plugin UdpMessaging
LogPluginManager: Mounting plugin ActorSequence
LogPluginManager: Mounting plugin LevelSequenceEditor
LogPluginManager: Mounting plugin MatineeToLevelSequence
LogPluginManager: Mounting plugin NetcodeUnitTest
LogPluginManager: Mounting plugin NUTUnrealEngine4
LogPluginManager: Mounting plugin OnlineSubsystemGooglePlay
LogPluginManager: Mounting plugin OnlineSubsystemIOS
LogPluginManager: Mounting plugin OnlineSubsystem
LogPluginManager: Mounting plugin OnlineSubsystemNull
LogPluginManager: Mounting plugin OnlineSubsystemUtils
LogPluginManager: Mounting plugin LauncherChunkInstaller
LogPluginManager: Mounting plugin AndroidDeviceProfileSelector
LogPluginManager: Mounting plugin AndroidMoviePlayer
LogPluginManager: Mounting plugin AndroidPermission
LogPluginManager: Mounting plugin ApexDestruction
LogPluginManager: Mounting plugin AppleImageUtils
LogPluginManager: Mounting plugin AppleMoviePlayer
LogPluginManager: Mounting plugin ArchVisCharacter
LogPluginManager: Mounting plugin AudioCapture
LogPluginManager: Mounting plugin CableComponent
LogPluginManager: Mounting plugin CustomMeshComponent
LogPluginManager: Mounting plugin EditableMesh
LogPluginManager: Mounting plugin ExampleDeviceProfileSelector
LogPluginManager: Mounting plugin GoogleCloudMessaging
LogPluginManager: Mounting plugin IOSDeviceProfileSelector
LogPluginManager: Mounting plugin LinuxDeviceProfileSelector
LogPluginManager: Mounting plugin LocationServicesBPLibrary
LogPluginManager: Mounting plugin MobilePatchingUtils
LogPluginManager: Mounting plugin OculusVR
LogPluginManager: Mounting plugin PhysXVehicles
LogPluginManager: Mounting plugin ProceduralMeshComponent
LogPluginManager: Mounting plugin RuntimePhysXCooking
LogPluginManager: Mounting plugin SignificanceManager
LogPluginManager: Mounting plugin SteamVR
LogPluginManager: Mounting plugin WebMMoviePlayer
LogPluginManager: Mounting plugin WindowsMoviePlayer
LogPluginManager: Mounting plugin ScreenshotTools
LogInit: Using libcurl 7.55.1-DEV
LogInit:  - built for x86_64-pc-win32
LogInit:  - supports SSL with OpenSSL/1.1.1
LogInit:  - supports HTTP deflate (compression) using libz 1.2.8
LogInit:  - other features:
LogInit:      CURL_VERSION_SSL
LogInit:      CURL_VERSION_LIBZ
LogInit:      CURL_VERSION_IPV6
LogInit:      CURL_VERSION_ASYNCHDNS
LogInit:      CURL_VERSION_LARGEFILE
LogInit:      CURL_VERSION_IDN
LogInit:  CurlRequestOptions (configurable via config and command line):
LogInit:  - bVerifyPeer = true  - Libcurl will verify peer certificate
LogInit:  - bUseHttpProxy = false  - Libcurl will NOT use HTTP proxy
LogInit:  - bDontReuseConnections = false  - Libcurl will reuse connections
LogInit:  - MaxHostConnections = 16  - Libcurl will limit the number of connections to a host
LogInit:  - LocalHostAddr = Default
LogInit:  - BufferSize = 65536
LogOnline: OSS: Creating online subsystem instance for: NULL
LogInit: WinSock: version 1.1 (2.2), MaxSocks=32767, MaxUdp=65467
LogInit: Build: ++UE4+Release-4.23-CL-8386587
LogInit: Engine Version: 4.23.0-8386587+++UE4+Release-4.23
LogInit: Compatible Engine Version: 4.23.0-8386587+++UE4+Release-4.23
LogInit: Net CL: 8386587
LogInit: OS: Windows 10 (Release 1803) (), CPU: Intel(R) Core(TM) i7-8550U CPU @ 1.80GHz, GPU: Intel(R) UHD Graphics 620
LogInit: Compiled (64-bit): Aug 31 2019 02:04:44
LogInit: Compiled with Visual C++: 19.16.27030.01
LogInit: Build Configuration: Development
LogInit: Branch Name: ++UE4+Release-4.23
LogInit: Command Line:  /Game/Levels/Level1 -game -PIEVIACONSOLE -ResX=1280 -ResY=720 -Multiprocess -messaging -SessionName="Play in Standalone Game" -windowed
LogInit: Base Directory: C:/Program Files/Epic Games/UE_4.23/Engine/Binaries/Win64/
LogInit: Installed Engine Build: 1
LogDevObjectVersion: Number of dev versions registered: 23
LogDevObjectVersion:   Dev-Blueprints (B0D832E4-1F89-4F0D-ACCF-7EB736FD4AA2): 10
LogDevObjectVersion:   Dev-Build (E1C64328-A22C-4D53-A36C-8E866417BD8C): 0
LogDevObjectVersion:   Dev-Core (375EC13C-06E4-48FB-B500-84F0262A717E): 3
LogDevObjectVersion:   Dev-Editor (E4B068ED-F494-42E9-A231-DA0B2E46BB41): 34
LogDevObjectVersion:   Dev-Framework (CFFC743F-43B0-4480-9391-14DF171D2073): 35
LogDevObjectVersion:   Dev-Mobile (B02B49B5-BB20-44E9-A304-32B752E40360): 2
LogDevObjectVersion:   Dev-Networking (A4E4105C-59A1-49B5-A7C5-40C4547EDFEE): 0
LogDevObjectVersion:   Dev-Online (39C831C9-5AE6-47DC-9A44-9C173E1C8E7C): 0
LogDevObjectVersion:   Dev-Physics (78F01B33-EBEA-4F98-B9B4-84EACCB95AA2): 0
LogDevObjectVersion:   Dev-Platform (6631380F-2D4D-43E0-8009-CF276956A95A): 0
LogDevObjectVersion:   Dev-Rendering (12F88B9F-8875-4AFC-A67C-D90C383ABD29): 31
LogDevObjectVersion:   Dev-Sequencer (7B5AE74C-D270-4C10-A958-57980B212A5A): 11
LogDevObjectVersion:   Dev-VR (D7296918-1DD6-4BDD-9DE2-64A83CC13884): 2
LogDevObjectVersion:   Dev-LoadTimes (C2A15278-BFE7-4AFE-6C17-90FF531DF755): 1
LogDevObjectVersion:   Private-Geometry (6EACA3D4-40EC-4CC1-B786-8BED09428FC5): 3
LogDevObjectVersion:   Dev-AnimPhys (29E575DD-E0A3-4627-9D10-D276232CDCEA): 17
LogDevObjectVersion:   Dev-Anim (AF43A65D-7FD3-4947-9873-3E8ED9C1BB05): 2
LogDevObjectVersion:   Dev-ReflectionCapture (6B266CEC-1EC7-4B8F-A30B-E4D90942FC07): 1
LogDevObjectVersion:   Dev-Automation (0DF73D61-A23F-47EA-B727-89E90C41499A): 1
LogDevObjectVersion:   FortniteMain (601D1886-AC64-4F84-AA16-D3DE0DEAC7D6): 27
LogDevObjectVersion:   Dev-Enterprise (9DFFBCD6-494F-0158-E221-12823C92A888): 6
LogDevObjectVersion:   Dev-Niagara (F2AED0AC-9AFE-416F-8664-AA7FFA26D6FC): 1
LogDevObjectVersion:   Dev-Destruction (174F1F0B-B4C6-45A5-B13F-2EE8D0FB917D): 9
LogInit: Presizing for max 16777216 objects, including 0 objects not considered by GC, pre-allocating 0 bytes for permanent pool.
LogInit: Object subsystem initialized
LogConfig: Setting CVar [[con.DebugEarlyDefault:1]]
LogConfig: Setting CVar [[r.setres:1280x720]]
[2019.09.30-14.00.50:061][  0]LogConfig: Setting CVar [[con.DebugEarlyDefault:1]]
[2019.09.30-14.00.50:062][  0]LogConfig: Setting CVar [[r.setres:1280x720]]
[2019.09.30-14.00.50:062][  0]LogConfig: Applying CVar settings from Section [/Script/Engine.RendererSettings] File [C:/Users/HP/Documents/Unreal Projects/BreakoutBall 4.23/Saved/Config/Windows/Engine.ini]
[2019.09.30-14.00.50:062][  0]LogConfig: Setting CVar [[r.GPUCrashDebugging:0]]
[2019.09.30-14.00.50:062][  0]LogConfig: Setting CVar [[r.MobileHDR:0]]
[2019.09.30-14.00.50:062][  0]LogConfig: Setting CVar [[r.Mobile.DisableVertexFog:1]]
[2019.09.30-14.00.50:062][  0]LogConfig: Setting CVar [[r.Shadow.CSM.MaxMobileCascades:2]]
[2019.09.30-14.00.50:062][  0]LogConfig: Setting CVar [[r.MobileMSAA:1]]
[2019.09.30-14.00.50:062][  0]LogConfig: Setting CVar [[r.Mobile.UseLegacyShadingModel:0]]
[2019.09.30-14.00.50:062][  0]LogConfig: Setting CVar [[r.Mobile.UseHWsRGBEncoding:0]]
[2019.09.30-14.00.50:062][  0]LogConfig: Setting CVar [[r.Mobile.AllowDitheredLODTransition:0]]
[2019.09.30-14.00.50:062][  0]LogConfig: Setting CVar [[r.Mobile.AllowSoftwareOcclusion:0]]
[2019.09.30-14.00.50:062][  0]LogConfig: Setting CVar [[r.DiscardUnusedQuality:0]]
[2019.09.30-14.00.50:062][  0]LogConfig: Setting CVar [[r.AllowOcclusionQueries:1]]
[2019.09.30-14.00.50:062][  0]LogConfig: Setting CVar [[r.MinScreenRadiusForLights:0.030000]]
[2019.09.30-14.00.50:062][  0]LogConfig: Setting CVar [[r.MinScreenRadiusForDepthPrepass:0.030000]]
[2019.09.30-14.00.50:062][  0]LogConfig: Setting CVar [[r.MinScreenRadiusForCSMDepth:0.010000]]
[2019.09.30-14.00.50:062][  0]LogConfig: Setting CVar [[r.PrecomputedVisibilityWarning:0]]
[2019.09.30-14.00.50:062][  0]LogConfig: Setting CVar [[r.TextureStreaming:1]]
[2019.09.30-14.00.50:062][  0]LogConfig: Setting CVar [[Compat.UseDXT5NormalMaps:0]]
[2019.09.30-14.00.50:062][  0]LogConfig: Setting CVar [[r.ClearCoatNormal:0]]
[2019.09.30-14.00.50:062][  0]LogConfig: Setting CVar [[r.ReflectionCaptureResolution:128]]
[2019.09.30-14.00.50:062][  0]LogConfig: Setting CVar [[r.ReflectionEnvironmentLightmapMixBasedOnRoughness:1]]
[2019.09.30-14.00.50:062][  0]LogConfig: Setting CVar [[r.ForwardShading:0]]
[2019.09.30-14.00.50:062][  0]LogConfig: Setting CVar [[r.VertexFoggingForOpaque:1]]
[2019.09.30-14.00.50:062][  0]LogConfig: Setting CVar [[r.AllowStaticLighting:1]]
[2019.09.30-14.00.50:062][  0]LogConfig: Setting CVar [[r.NormalMapsForStaticLighting:0]]
[2019.09.30-14.00.50:062][  0]LogConfig: Setting CVar [[r.GenerateMeshDistanceFields:0]]
[2019.09.30-14.00.50:062][  0]LogConfig: Setting CVar [[r.DistanceFieldBuild.EightBit:0]]
[2019.09.30-14.00.50:062][  0]LogConfig: Setting CVar [[r.GenerateLandscapeGIData:0]]
[2019.09.30-14.00.50:062][  0]LogConfig: Setting CVar [[r.DistanceFieldBuild.Compress:0]]
[2019.09.30-14.00.50:062][  0]LogConfig: Setting CVar [[r.TessellationAdaptivePixelsPerTriangle:48.000000]]
[2019.09.30-14.00.50:062][  0]LogConfig: Setting CVar [[r.SeparateTranslucency:0]]
[2019.09.30-14.00.50:062][  0]LogConfig: Setting CVar [[r.TranslucentSortPolicy:0]]
[2019.09.30-14.00.50:062][  0]LogConfig: Setting CVar [[r.CustomDepth:1]]
[2019.09.30-14.00.50:062][  0]LogConfig: Setting CVar [[r.CustomDepthTemporalAAJitter:1]]
[2019.09.30-14.00.50:062][  0]LogConfig: Setting CVar [[r.PostProcessing.PropagateAlpha:0]]
[2019.09.30-14.00.50:062][  0]LogConfig: Setting CVar [[r.DefaultFeature.Bloom:0]]
[2019.09.30-14.00.50:062][  0]LogConfig: Setting CVar [[r.DefaultFeature.AmbientOcclusion:0]]
[2019.09.30-14.00.50:062][  0]LogConfig: Setting CVar [[r.DefaultFeature.AmbientOcclusionStaticFraction:1]]
[2019.09.30-14.00.50:062][  0]LogConfig: Setting CVar [[r.DefaultFeature.AutoExposure:0]]
[2019.09.30-14.00.50:062][  0]LogConfig: Setting CVar [[r.DefaultFeature.AutoExposure.Method:0]]
[2019.09.30-14.00.50:062][  0]LogConfig: Setting CVar [[r.DefaultFeature.AutoExposure.ExtendDefaultLuminanceRange:1]]
[2019.09.30-14.00.50:062][  0]LogConfig: Setting CVar [[r.UsePreExposure:0]]
[2019.09.30-14.00.50:062][  0]LogConfig: Setting CVar [[r.DefaultFeature.MotionBlur:0]]
[2019.09.30-14.00.50:062][  0]LogConfig: Setting CVar [[r.DefaultFeature.LensFlare:0]]
[2019.09.30-14.00.50:062][  0]LogConfig: Setting CVar [[r.TemporalAA.Upsampling:0]]
[2019.09.30-14.00.50:062][  0]LogConfig: Setting CVar [[r.DefaultFeature.AntiAliasing:0]]
[2019.09.30-14.00.50:062][  0]LogConfig: Setting CVar [[r.DefaultFeature.LightUnits:1]]
[2019.09.30-14.00.50:062][  0]LogConfig: Setting CVar [[r.DefaultBackBufferPixelFormat:4]]
[2019.09.30-14.00.50:062][  0]LogConfig: Setting CVar [[r.Shadow.UnbuiltPreviewInGame:1]]
[2019.09.30-14.00.50:062][  0]LogConfig: Setting CVar [[r.StencilForLODDither:0]]
[2019.09.30-14.00.50:062][  0]LogConfig: Setting CVar [[r.EarlyZPass:3]]
[2019.09.30-14.00.50:062][  0]LogConfig: Setting CVar [[r.EarlyZPassOnlyMaterialMasking:0]]
[2019.09.30-14.00.50:062][  0]LogConfig: Setting CVar [[r.DBuffer:1]]
[2019.09.30-14.00.50:062][  0]LogConfig: Setting CVar [[r.ClearSceneMethod:1]]
[2019.09.30-14.00.50:062][  0]LogConfig: Setting CVar [[r.BasePassOutputsVelocity:0]]
[2019.09.30-14.00.50:062][  0]LogConfig: Setting CVar [[r.SelectiveBasePassOutputs:0]]
[2019.09.30-14.00.50:063][  0]LogConfig: Setting CVar [[fx.GPUSimulationTextureSizeX:1024]]
[2019.09.30-14.00.50:063][  0]LogConfig: Setting CVar [[fx.GPUSimulationTextureSizeY:1024]]
[2019.09.30-14.00.50:063][  0]LogConfig: Setting CVar [[r.AllowGlobalClipPlane:0]]
[2019.09.30-14.00.50:063][  0]LogConfig: Setting CVar [[r.GBufferFormat:1]]
[2019.09.30-14.00.50:063][  0]LogConfig: Setting CVar [[r.MorphTarget.Mode:1]]
[2019.09.30-14.00.50:063][  0]LogConfig: Setting CVar [[vr.InstancedStereo:0]]
[2019.09.30-14.00.50:063][  0]LogConfig: Setting CVar [[vr.MultiView:0]]
[2019.09.30-14.00.50:063][  0]LogConfig: Setting CVar [[vr.MobileMultiView:0]]
[2019.09.30-14.00.50:063][  0]LogConfig: Setting CVar [[vr.MobileMultiView.Direct:0]]
[2019.09.30-14.00.50:063][  0]LogConfig: Setting CVar [[vr.RoundRobinOcclusion:0]]
[2019.09.30-14.00.50:063][  0]LogConfig: Setting CVar [[vr.ODSCapture:0]]
[2019.09.30-14.00.50:063][  0]LogConfig: Setting CVar [[r.WireframeCullThreshold:5.000000]]
[2019.09.30-14.00.50:063][  0]LogConfig: Setting CVar [[r.RayTracing:0]]
[2019.09.30-14.00.50:063][  0]LogConfig: Setting CVar [[r.SupportStationarySkylight:1]]
[2019.09.30-14.00.50:063][  0]LogConfig: Setting CVar [[r.SupportLowQualityLightmaps:1]]
[2019.09.30-14.00.50:063][  0]LogConfig: Setting CVar [[r.SupportPointLightWholeSceneShadows:1]]
[2019.09.30-14.00.50:063][  0]LogConfig: Setting CVar [[r.SupportAtmosphericFog:1]]
[2019.09.30-14.00.50:063][  0]LogConfig: Setting CVar [[r.SkinCache.CompileShaders:0]]
[2019.09.30-14.00.50:063][  0]LogConfig: Setting CVar [[r.Mobile.EnableStaticAndCSMShadowReceivers:1]]
[2019.09.30-14.00.50:063][  0]LogConfig: Setting CVar [[r.Mobile.EnableMovableLightCSMShaderCulling:1]]
[2019.09.30-14.00.50:063][  0]LogConfig: Setting CVar [[r.Mobile.AllowDistanceFieldShadows:1]]
[2019.09.30-14.00.50:063][  0]LogConfig: Setting CVar [[r.Mobile.AllowMovableDirectionalLights:1]]
[2019.09.30-14.00.50:063][  0]LogConfig: Setting CVar [[r.MobileNumDynamicPointLights:4]]
[2019.09.30-14.00.50:063][  0]LogConfig: Setting CVar [[r.MobileDynamicPointLightsUseStaticBranch:1]]
[2019.09.30-14.00.50:063][  0]LogConfig: Setting CVar [[r.Mobile.EnableMovableSpotlights:0]]
[2019.09.30-14.00.50:063][  0]LogConfig: Setting CVar [[r.SkinCache.SceneMemoryLimitInMB:128.000000]]
[2019.09.30-14.00.50:063][  0]LogConfig: Setting CVar [[r.GPUSkin.Limit2BoneInfluences:0]]
[2019.09.30-14.00.50:063][  0]LogConfig: Setting CVar [[r.SupportDepthOnlyIndexBuffers:1]]
[2019.09.30-14.00.50:063][  0]LogConfig: Setting CVar [[r.SupportReversedIndexBuffers:1]]
[2019.09.30-14.00.50:063][  0]LogConfig: Setting CVar [[r.SupportMaterialLayers:0]]
[2019.09.30-14.00.50:063][  0]LogConfig: Applying CVar settings from Section [/Script/Engine.RendererOverrideSettings] File [C:/Users/HP/Documents/Unreal Projects/BreakoutBall 4.23/Saved/Config/Windows/Engine.ini]
[2019.09.30-14.00.50:063][  0]LogConfig: Applying CVar settings from Section [/Script/Engine.StreamingSettings] File [C:/Users/HP/Documents/Unreal Projects/BreakoutBall 4.23/Saved/Config/Windows/Engine.ini]
[2019.09.30-14.00.50:063][  0]LogConfig: Setting CVar [[s.MinBulkDataSizeForAsyncLoading:131072]]
[2019.09.30-14.00.50:063][  0]LogConfig: Setting CVar [[s.AsyncLoadingThreadEnabled:0]]
[2019.09.30-14.00.50:063][  0]LogConfig: Setting CVar [[s.EventDrivenLoaderEnabled:1]]
[2019.09.30-14.00.50:063][  0]LogConfig: Setting CVar [[s.WarnIfTimeLimitExceeded:0]]
[2019.09.30-14.00.50:063][  0]LogConfig: Setting CVar [[s.TimeLimitExceededMultiplier:1.5]]
[2019.09.30-14.00.50:063][  0]LogConfig: Setting CVar [[s.TimeLimitExceededMinTime:0.005]]
[2019.09.30-14.00.50:063][  0]LogConfig: Setting CVar [[s.UseBackgroundLevelStreaming:1]]
[2019.09.30-14.00.50:063][  0]LogConfig: Setting CVar [[s.PriorityAsyncLoadingExtraTime:15.0]]
[2019.09.30-14.00.50:063][  0]LogConfig: Setting CVar [[s.LevelStreamingActorsUpdateTimeLimit:5.0]]
[2019.09.30-14.00.50:063][  0]LogConfig: Setting CVar [[s.PriorityLevelStreamingActorsUpdateExtraTime:5.0]]
[2019.09.30-14.00.50:063][  0]LogConfig: Setting CVar [[s.LevelStreamingComponentsRegistrationGranularity:10]]
[2019.09.30-14.00.50:063][  0]LogConfig: Setting CVar [[s.UnregisterComponentsTimeLimit:1.0]]
[2019.09.30-14.00.50:063][  0]LogConfig: Setting CVar [[s.LevelStreamingComponentsUnregistrationGranularity:5]]
[2019.09.30-14.00.50:063][  0]LogConfig: Applying CVar settings from Section [/Script/Engine.GarbageCollectionSettings] File [C:/Users/HP/Documents/Unreal Projects/BreakoutBall 4.23/Saved/Config/Windows/Engine.ini]
[2019.09.30-14.00.50:063][  0]LogConfig: Setting CVar [[gc.MaxObjectsNotConsideredByGC:1]]
[2019.09.30-14.00.50:063][  0]LogConfig: Setting CVar [[gc.SizeOfPermanentObjectPool:0]]
[2019.09.30-14.00.50:063][  0]LogConfig: Setting CVar [[gc.FlushStreamingOnGC:0]]
[2019.09.30-14.00.50:063][  0]LogConfig: Setting CVar [[gc.NumRetriesBeforeForcingGC:10]]
[2019.09.30-14.00.50:063][  0]LogConfig: Setting CVar [[gc.AllowParallelGC:1]]
[2019.09.30-14.00.50:063][  0]LogConfig: Setting CVar [[gc.TimeBetweenPurgingPendingKillObjects:61.1]]
[2019.09.30-14.00.50:063][  0]LogConfig: Setting CVar [[gc.MaxObjectsInEditor:16777216]]
[2019.09.30-14.00.50:063][  0]LogConfig: Setting CVar [[gc.IncrementalBeginDestroyEnabled:1]]
[2019.09.30-14.00.50:063][  0]LogConfig: Setting CVar [[gc.CreateGCClusters:1]]
[2019.09.30-14.00.50:063][  0]LogConfig: Setting CVar [[gc.MinGCClusterSize:5]]
[2019.09.30-14.00.50:063][  0]LogConfig: Setting CVar [[gc.ActorClusteringEnabled:0]]
[2019.09.30-14.00.50:063][  0]LogConfig: Setting CVar [[gc.BlueprintClusteringEnabled:0]]
[2019.09.30-14.00.50:063][  0]LogConfig: Setting CVar [[gc.UseDisregardForGCOnDedicatedServers:0]]
[2019.09.30-14.00.50:063][  0]LogConfig: Applying CVar settings from Section [/Script/Engine.NetworkSettings] File [C:/Users/HP/Documents/Unreal Projects/BreakoutBall 4.23/Saved/Config/Windows/Engine.ini]
[2019.09.30-14.00.50:063][  0]LogConfig: Applying CVar settings from Section [/Script/UnrealEd.CookerSettings] File [C:/Users/HP/Documents/Unreal Projects/BreakoutBall 4.23/Saved/Config/Windows/Engine.ini]
[2019.09.30-14.00.50:066][  0]LogConfig: Applying CVar settings from Section [ViewDistanceQuality@3] File [C:/Users/HP/Documents/Unreal Projects/BreakoutBall 4.23/Saved/Config/Windows/Scalability.ini]
[2019.09.30-14.00.50:066][  0]LogConfig: Setting CVar [[r.SkeletalMeshLODBias:0]]
[2019.09.30-14.00.50:066][  0]LogConfig: Setting CVar [[r.ViewDistanceScale:1.0]]
[2019.09.30-14.00.50:066][  0]LogConfig: Applying CVar settings from Section [AntiAliasingQuality@3] File [C:/Users/HP/Documents/Unreal Projects/BreakoutBall 4.23/Saved/Config/Windows/Scalability.ini]
[2019.09.30-14.00.50:066][  0]LogConfig: Setting CVar [[r.PostProcessAAQuality:4]]
[2019.09.30-14.00.50:066][  0]LogConfig: Applying CVar settings from Section [ShadowQuality@3] File [C:/Users/HP/Documents/Unreal Projects/BreakoutBall 4.23/Saved/Config/Windows/Scalability.ini]
[2019.09.30-14.00.50:066][  0]LogConfig: Setting CVar [[r.LightFunctionQuality:1]]
[2019.09.30-14.00.50:066][  0]LogConfig: Setting CVar [[r.ShadowQuality:5]]
[2019.09.30-14.00.50:066][  0]LogConfig: Setting CVar [[r.Shadow.CSM.MaxCascades:10]]
[2019.09.30-14.00.50:066][  0]LogConfig: Setting CVar [[r.Shadow.MaxResolution:2048]]
[2019.09.30-14.00.50:066][  0]LogConfig: Setting CVar [[r.Shadow.MaxCSMResolution:2048]]
[2019.09.30-14.00.50:066][  0]LogConfig: Setting CVar [[r.Shadow.RadiusThreshold:0.01]]
[2019.09.30-14.00.50:066][  0]LogConfig: Setting CVar [[r.Shadow.DistanceScale:1.0]]
[2019.09.30-14.00.50:066][  0]LogConfig: Setting CVar [[r.Shadow.CSM.TransitionScale:1.0]]
[2019.09.30-14.00.50:066][  0]LogConfig: Setting CVar [[r.Shadow.PreShadowResolutionFactor:1.0]]
[2019.09.30-14.00.50:066][  0]LogConfig: Setting CVar [[r.DistanceFieldShadowing:1]]
[2019.09.30-14.00.50:066][  0]LogConfig: Setting CVar [[r.DistanceFieldAO:1]]
[2019.09.30-14.00.50:066][  0]LogConfig: Setting CVar [[r.AOQuality:2]]
[2019.09.30-14.00.50:066][  0]LogConfig: Setting CVar [[r.VolumetricFog:1]]
[2019.09.30-14.00.50:066][  0]LogConfig: Setting CVar [[r.VolumetricFog.GridPixelSize:8]]
[2019.09.30-14.00.50:066][  0]LogConfig: Setting CVar [[r.VolumetricFog.GridSizeZ:128]]
[2019.09.30-14.00.50:066][  0]LogConfig: Setting CVar [[r.VolumetricFog.HistoryMissSupersampleCount:4]]
[2019.09.30-14.00.50:066][  0]LogConfig: Setting CVar [[r.LightMaxDrawDistanceScale:1]]
[2019.09.30-14.00.50:066][  0]LogConfig: Setting CVar [[r.CapsuleShadows:1]]
[2019.09.30-14.00.50:066][  0]LogConfig: Applying CVar settings from Section [PostProcessQuality@3] File [C:/Users/HP/Documents/Unreal Projects/BreakoutBall 4.23/Saved/Config/Windows/Scalability.ini]
[2019.09.30-14.00.50:066][  0]LogConfig: Setting CVar [[r.MotionBlurQuality:4]]
[2019.09.30-14.00.50:066][  0]LogConfig: Setting CVar [[r.AmbientOcclusionMipLevelFactor:0.4]]
[2019.09.30-14.00.50:066][  0]LogConfig: Setting CVar [[r.AmbientOcclusionMaxQuality:100]]
[2019.09.30-14.00.50:066][  0]LogConfig: Setting CVar [[r.AmbientOcclusionLevels:-1]]
[2019.09.30-14.00.50:066][  0]LogConfig: Setting CVar [[r.AmbientOcclusionRadiusScale:1.0]]
[2019.09.30-14.00.50:066][  0]LogConfig: Setting CVar [[r.DepthOfFieldQuality:2]]
[2019.09.30-14.00.50:066][  0]LogConfig: Setting CVar [[r.RenderTargetPoolMin:400]]
[2019.09.30-14.00.50:066][  0]LogConfig: Setting CVar [[r.LensFlareQuality:2]]
[2019.09.30-14.00.50:066][  0]LogConfig: Setting CVar [[r.SceneColorFringeQuality:1]]
[2019.09.30-14.00.50:066][  0]LogConfig: Setting CVar [[r.EyeAdaptationQuality:2]]
[2019.09.30-14.00.50:066][  0]LogConfig: Setting CVar [[r.BloomQuality:5]]
[2019.09.30-14.00.50:066][  0]LogConfig: Setting CVar [[r.FastBlurThreshold:100]]
[2019.09.30-14.00.50:066][  0]LogConfig: Setting CVar [[r.Upscale.Quality:3]]
[2019.09.30-14.00.50:066][  0]LogConfig: Setting CVar [[r.Tonemapper.GrainQuantization:1]]
[2019.09.30-14.00.50:066][  0]LogConfig: Setting CVar [[r.LightShaftQuality:1]]
[2019.09.30-14.00.50:066][  0]LogConfig: Setting CVar [[r.Filter.SizeScale:1]]
[2019.09.30-14.00.50:066][  0]LogConfig: Setting CVar [[r.Tonemapper.Quality:5]]
[2019.09.30-14.00.50:066][  0]LogConfig: Setting CVar [[r.DOF.Gather.AccumulatorQuality:1        ; higher gathering accumulator quality]]
[2019.09.30-14.00.50:066][  0]LogConfig: Setting CVar [[r.DOF.Gather.PostfilterMethod:1          ; Median3x3 postfilering method]]
[2019.09.30-14.00.50:066][  0]LogConfig: Setting CVar [[r.DOF.Gather.EnableBokehSettings:0       ; no bokeh simulation when gathering]]
[2019.09.30-14.00.50:066][  0]LogConfig: Setting CVar [[r.DOF.Gather.RingCount:4                 ; medium number of samples when gathering]]
[2019.09.30-14.00.50:066][  0]LogConfig: Setting CVar [[r.DOF.Scatter.ForegroundCompositing:1    ; additive foreground scattering]]
[2019.09.30-14.00.50:066][  0]LogConfig: Setting CVar [[r.DOF.Scatter.BackgroundCompositing:2    ; additive background scattering]]
[2019.09.30-14.00.50:066][  0]LogConfig: Setting CVar [[r.DOF.Scatter.EnableBokehSettings:1      ; bokeh simulation when scattering]]
[2019.09.30-14.00.50:066][  0]LogConfig: Setting CVar [[r.DOF.Scatter.MaxSpriteRatio:0.1         ; only a maximum of 10% of scattered bokeh]]
[2019.09.30-14.00.50:066][  0]LogConfig: Setting CVar [[r.DOF.Recombine.Quality:1                ; cheap slight out of focus]]
[2019.09.30-14.00.50:066][  0]LogConfig: Setting CVar [[r.DOF.Recombine.EnableBokehSettings:0    ; no bokeh simulation on slight out of focus]]
[2019.09.30-14.00.50:066][  0]LogConfig: Setting CVar [[r.DOF.TemporalAAQuality:1                ; more stable temporal accumulation]]
[2019.09.30-14.00.50:066][  0]LogConfig: Setting CVar [[r.DOF.Kernel.MaxForegroundRadius:0.025]]
[2019.09.30-14.00.50:066][  0]LogConfig: Setting CVar [[r.DOF.Kernel.MaxBackgroundRadius:0.025]]
[2019.09.30-14.00.50:066][  0]LogConfig: Applying CVar settings from Section [TextureQuality@3] File [C:/Users/HP/Documents/Unreal Projects/BreakoutBall 4.23/Saved/Config/Windows/Scalability.ini]
[2019.09.30-14.00.50:066][  0]LogConfig: Setting CVar [[r.Streaming.MipBias:0]]
[2019.09.30-14.00.50:067][  0]LogConfig: Setting CVar [[r.Streaming.AmortizeCPUToGPUCopy:0]]
[2019.09.30-14.00.50:067][  0]LogConfig: Setting CVar [[r.Streaming.MaxNumTexturesToStreamPerFrame:0]]
[2019.09.30-14.00.50:067][  0]LogConfig: Setting CVar [[r.Streaming.Boost:1]]
[2019.09.30-14.00.50:067][  0]LogConfig: Setting CVar [[r.MaxAnisotropy:8]]
[2019.09.30-14.00.50:067][  0]LogConfig: Setting CVar [[r.Streaming.LimitPoolSizeToVRAM:0]]
[2019.09.30-14.00.50:067][  0]LogConfig: Setting CVar [[r.Streaming.PoolSize:1000]]
[2019.09.30-14.00.50:067][  0]LogConfig: Setting CVar [[r.Streaming.MaxEffectiveScreenSize:0]]
[2019.09.30-14.00.50:067][  0]LogConfig: Applying CVar settings from Section [EffectsQuality@3] File [C:/Users/HP/Documents/Unreal Projects/BreakoutBall 4.23/Saved/Config/Windows/Scalability.ini]
[2019.09.30-14.00.50:067][  0]LogConfig: Setting CVar [[r.TranslucencyLightingVolumeDim:64]]
[2019.09.30-14.00.50:067][  0]LogConfig: Setting CVar [[r.RefractionQuality:2]]
[2019.09.30-14.00.50:067][  0]LogConfig: Setting CVar [[r.SSR.Quality:3]]
[2019.09.30-14.00.50:067][  0]LogConfig: Setting CVar [[r.SceneColorFormat:4]]
[2019.09.30-14.00.50:067][  0]LogConfig: Setting CVar [[r.DetailMode:2]]
[2019.09.30-14.00.50:067][  0]LogConfig: Setting CVar [[r.TranslucencyVolumeBlur:1]]
[2019.09.30-14.00.50:067][  0]LogConfig: Setting CVar [[r.MaterialQualityLevel:1 ; High quality]]
[2019.09.30-14.00.50:067][  0]LogConfig: Setting CVar [[r.SSS.Scale:1]]
[2019.09.30-14.00.50:067][  0]LogConfig: Setting CVar [[r.SSS.SampleSet:2]]
[2019.09.30-14.00.50:067][  0]LogConfig: Setting CVar [[r.SSS.Quality:1]]
[2019.09.30-14.00.50:067][  0]LogConfig: Setting CVar [[r.SSS.HalfRes:1]]
[2019.09.30-14.00.50:067][  0]LogConfig: Setting CVar [[r.EmitterSpawnRateScale:1.0]]
[2019.09.30-14.00.50:067][  0]LogConfig: Setting CVar [[r.ParticleLightQuality:2]]
[2019.09.30-14.00.50:067][  0]LogConfig: Applying CVar settings from Section [FoliageQuality@3] File [C:/Users/HP/Documents/Unreal Projects/BreakoutBall 4.23/Saved/Config/Windows/Scalability.ini]
[2019.09.30-14.00.50:067][  0]LogConfig: Setting CVar [[foliage.DensityScale:1.0]]
[2019.09.30-14.00.50:067][  0]LogConfig: Setting CVar [[grass.DensityScale:1.0]]
[2019.09.30-14.00.50:067][  0]LogInit: Selected Device Profile: [Windows]
[2019.09.30-14.00.50:067][  0]LogInit: Applying CVar settings loaded from the selected device profile: [Windows]
[2019.09.30-14.00.50:095][  0]LogHAL: Display: Platform has ~ 16 GB [17090842624 / 17179869184 / 16], which maps to Larger [LargestMinGB=32, LargerMinGB=12, DefaultMinGB=8, SmallerMinGB=6, SmallestMinGB=0)
[2019.09.30-14.00.50:095][  0]LogInit: Going up to parent DeviceProfile []
[2019.09.30-14.00.50:095][  0]LogConfig: Applying CVar settings from Section [ViewDistanceQuality@3] File [C:/Users/HP/Documents/Unreal Projects/BreakoutBall 4.23/Saved/Config/Windows/Scalability.ini]
[2019.09.30-14.00.50:095][  0]LogConfig: Setting CVar [[r.SkeletalMeshLODBias:0]]
[2019.09.30-14.00.50:095][  0]LogConfig: Setting CVar [[r.ViewDistanceScale:1.0]]
[2019.09.30-14.00.50:095][  0]LogConfig: Applying CVar settings from Section [AntiAliasingQuality@3] File [C:/Users/HP/Documents/Unreal Projects/BreakoutBall 4.23/Saved/Config/Windows/Scalability.ini]
[2019.09.30-14.00.50:095][  0]LogConfig: Setting CVar [[r.PostProcessAAQuality:4]]
[2019.09.30-14.00.50:096][  0]LogConfig: Applying CVar settings from Section [ShadowQuality@3] File [C:/Users/HP/Documents/Unreal Projects/BreakoutBall 4.23/Saved/Config/Windows/Scalability.ini]
[2019.09.30-14.00.50:096][  0]LogConfig: Setting CVar [[r.LightFunctionQuality:1]]
[2019.09.30-14.00.50:096][  0]LogConfig: Setting CVar [[r.ShadowQuality:5]]
[2019.09.30-14.00.50:096][  0]LogConfig: Setting CVar [[r.Shadow.CSM.MaxCascades:10]]
[2019.09.30-14.00.50:096][  0]LogConfig: Setting CVar [[r.Shadow.MaxResolution:2048]]
[2019.09.30-14.00.50:096][  0]LogConfig: Setting CVar [[r.Shadow.MaxCSMResolution:2048]]
[2019.09.30-14.00.50:096][  0]LogConfig: Setting CVar [[r.Shadow.RadiusThreshold:0.01]]
[2019.09.30-14.00.50:096][  0]LogConfig: Setting CVar [[r.Shadow.DistanceScale:1.0]]
[2019.09.30-14.00.50:096][  0]LogConfig: Setting CVar [[r.Shadow.CSM.TransitionScale:1.0]]
[2019.09.30-14.00.50:096][  0]LogConfig: Setting CVar [[r.Shadow.PreShadowResolutionFactor:1.0]]
[2019.09.30-14.00.50:096][  0]LogConfig: Setting CVar [[r.DistanceFieldShadowing:1]]
[2019.09.30-14.00.50:096][  0]LogConfig: Setting CVar [[r.DistanceFieldAO:1]]
[2019.09.30-14.00.50:096][  0]LogConfig: Setting CVar [[r.AOQuality:2]]
[2019.09.30-14.00.50:096][  0]LogConfig: Setting CVar [[r.VolumetricFog:1]]
[2019.09.30-14.00.50:096][  0]LogConfig: Setting CVar [[r.VolumetricFog.GridPixelSize:8]]
[2019.09.30-14.00.50:096][  0]LogConfig: Setting CVar [[r.VolumetricFog.GridSizeZ:128]]
[2019.09.30-14.00.50:096][  0]LogConfig: Setting CVar [[r.VolumetricFog.HistoryMissSupersampleCount:4]]
[2019.09.30-14.00.50:096][  0]LogConfig: Setting CVar [[r.LightMaxDrawDistanceScale:1]]
[2019.09.30-14.00.50:096][  0]LogConfig: Setting CVar [[r.CapsuleShadows:1]]
[2019.09.30-14.00.50:096][  0]LogConfig: Applying CVar settings from Section [PostProcessQuality@3] File [C:/Users/HP/Documents/Unreal Projects/BreakoutBall 4.23/Saved/Config/Windows/Scalability.ini]
[2019.09.30-14.00.50:096][  0]LogConfig: Setting CVar [[r.MotionBlurQuality:4]]
[2019.09.30-14.00.50:096][  0]LogConfig: Setting CVar [[r.AmbientOcclusionMipLevelFactor:0.4]]
[2019.09.30-14.00.50:096][  0]LogConfig: Setting CVar [[r.AmbientOcclusionMaxQuality:100]]
[2019.09.30-14.00.50:096][  0]LogConfig: Setting CVar [[r.AmbientOcclusionLevels:-1]]
[2019.09.30-14.00.50:096][  0]LogConfig: Setting CVar [[r.AmbientOcclusionRadiusScale:1.0]]
[2019.09.30-14.00.50:096][  0]LogConfig: Setting CVar [[r.DepthOfFieldQuality:2]]
[2019.09.30-14.00.50:096][  0]LogConfig: Setting CVar [[r.RenderTargetPoolMin:400]]
[2019.09.30-14.00.50:096][  0]LogConfig: Setting CVar [[r.LensFlareQuality:2]]
[2019.09.30-14.00.50:096][  0]LogConfig: Setting CVar [[r.SceneColorFringeQuality:1]]
[2019.09.30-14.00.50:096][  0]LogConfig: Setting CVar [[r.EyeAdaptationQuality:2]]
[2019.09.30-14.00.50:096][  0]LogConfig: Setting CVar [[r.BloomQuality:5]]
[2019.09.30-14.00.50:096][  0]LogConfig: Setting CVar [[r.FastBlurThreshold:100]]
[2019.09.30-14.00.50:096][  0]LogConfig: Setting CVar [[r.Upscale.Quality:3]]
[2019.09.30-14.00.50:096][  0]LogConfig: Setting CVar [[r.Tonemapper.GrainQuantization:1]]
[2019.09.30-14.00.50:096][  0]LogConfig: Setting CVar [[r.LightShaftQuality:1]]
[2019.09.30-14.00.50:096][  0]LogConfig: Setting CVar [[r.Filter.SizeScale:1]]
[2019.09.30-14.00.50:096][  0]LogConfig: Setting CVar [[r.Tonemapper.Quality:5]]
[2019.09.30-14.00.50:096][  0]LogConfig: Setting CVar [[r.DOF.Gather.AccumulatorQuality:1        ; higher gathering accumulator quality]]
[2019.09.30-14.00.50:096][  0]LogConfig: Setting CVar [[r.DOF.Gather.PostfilterMethod:1          ; Median3x3 postfilering method]]
[2019.09.30-14.00.50:096][  0]LogConfig: Setting CVar [[r.DOF.Gather.EnableBokehSettings:0       ; no bokeh simulation when gathering]]
[2019.09.30-14.00.50:096][  0]LogConfig: Setting CVar [[r.DOF.Gather.RingCount:4                 ; medium number of samples when gathering]]
[2019.09.30-14.00.50:096][  0]LogConfig: Setting CVar [[r.DOF.Scatter.ForegroundCompositing:1    ; additive foreground scattering]]
[2019.09.30-14.00.50:096][  0]LogConfig: Setting CVar [[r.DOF.Scatter.BackgroundCompositing:2    ; additive background scattering]]
[2019.09.30-14.00.50:096][  0]LogConfig: Setting CVar [[r.DOF.Scatter.EnableBokehSettings:1      ; bokeh simulation when scattering]]
[2019.09.30-14.00.50:096][  0]LogConfig: Setting CVar [[r.DOF.Scatter.MaxSpriteRatio:0.1         ; only a maximum of 10% of scattered bokeh]]
[2019.09.30-14.00.50:096][  0]LogConfig: Setting CVar [[r.DOF.Recombine.Quality:1                ; cheap slight out of focus]]
[2019.09.30-14.00.50:096][  0]LogConfig: Setting CVar [[r.DOF.Recombine.EnableBokehSettings:0    ; no bokeh simulation on slight out of focus]]
[2019.09.30-14.00.50:096][  0]LogConfig: Setting CVar [[r.DOF.TemporalAAQuality:1                ; more stable temporal accumulation]]
[2019.09.30-14.00.50:096][  0]LogConfig: Setting CVar [[r.DOF.Kernel.MaxForegroundRadius:0.025]]
[2019.09.30-14.00.50:096][  0]LogConfig: Setting CVar [[r.DOF.Kernel.MaxBackgroundRadius:0.025]]
[2019.09.30-14.00.50:096][  0]LogConfig: Applying CVar settings from Section [TextureQuality@3] File [C:/Users/HP/Documents/Unreal Projects/BreakoutBall 4.23/Saved/Config/Windows/Scalability.ini]
[2019.09.30-14.00.50:096][  0]LogConfig: Setting CVar [[r.Streaming.MipBias:0]]
[2019.09.30-14.00.50:097][  0]LogConfig: Setting CVar [[r.Streaming.AmortizeCPUToGPUCopy:0]]
[2019.09.30-14.00.50:097][  0]LogConfig: Setting CVar [[r.Streaming.MaxNumTexturesToStreamPerFrame:0]]
[2019.09.30-14.00.50:097][  0]LogConfig: Setting CVar [[r.Streaming.Boost:1]]
[2019.09.30-14.00.50:097][  0]LogConfig: Setting CVar [[r.MaxAnisotropy:8]]
[2019.09.30-14.00.50:097][  0]LogConfig: Setting CVar [[r.Streaming.LimitPoolSizeToVRAM:0]]
[2019.09.30-14.00.50:097][  0]LogConfig: Setting CVar [[r.Streaming.PoolSize:1000]]
[2019.09.30-14.00.50:097][  0]LogConfig: Setting CVar [[r.Streaming.MaxEffectiveScreenSize:0]]
[2019.09.30-14.00.50:097][  0]LogConfig: Applying CVar settings from Section [EffectsQuality@3] File [C:/Users/HP/Documents/Unreal Projects/BreakoutBall 4.23/Saved/Config/Windows/Scalability.ini]
[2019.09.30-14.00.50:097][  0]LogConfig: Setting CVar [[r.TranslucencyLightingVolumeDim:64]]
[2019.09.30-14.00.50:097][  0]LogConfig: Setting CVar [[r.RefractionQuality:2]]
[2019.09.30-14.00.50:097][  0]LogConfig: Setting CVar [[r.SSR.Quality:3]]
[2019.09.30-14.00.50:097][  0]LogConfig: Setting CVar [[r.SceneColorFormat:4]]
[2019.09.30-14.00.50:097][  0]LogConfig: Setting CVar [[r.DetailMode:2]]
[2019.09.30-14.00.50:097][  0]LogConfig: Setting CVar [[r.TranslucencyVolumeBlur:1]]
[2019.09.30-14.00.50:097][  0]LogConfig: Setting CVar [[r.MaterialQualityLevel:1 ; High quality]]
[2019.09.30-14.00.50:097][  0]LogConfig: Setting CVar [[r.SSS.Scale:1]]
[2019.09.30-14.00.50:097][  0]LogConfig: Setting CVar [[r.SSS.SampleSet:2]]
[2019.09.30-14.00.50:097][  0]LogConfig: Setting CVar [[r.SSS.Quality:1]]
[2019.09.30-14.00.50:097][  0]LogConfig: Setting CVar [[r.SSS.HalfRes:1]]
[2019.09.30-14.00.50:097][  0]LogConfig: Setting CVar [[r.EmitterSpawnRateScale:1.0]]
[2019.09.30-14.00.50:097][  0]LogConfig: Setting CVar [[r.ParticleLightQuality:2]]
[2019.09.30-14.00.50:097][  0]LogConfig: Applying CVar settings from Section [FoliageQuality@3] File [C:/Users/HP/Documents/Unreal Projects/BreakoutBall 4.23/Saved/Config/Windows/Scalability.ini]
[2019.09.30-14.00.50:097][  0]LogConfig: Setting CVar [[foliage.DensityScale:1.0]]
[2019.09.30-14.00.50:097][  0]LogConfig: Setting CVar [[grass.DensityScale:1.0]]
[2019.09.30-14.00.50:097][  0]LogConfig: Applying CVar settings from Section [Startup] File [../../../Engine/Config/ConsoleVariables.ini]
[2019.09.30-14.00.50:114][  0]LogConfig: Setting CVar [[net.UseAdaptiveNetUpdateFrequency:0]]
[2019.09.30-14.00.50:114][  0]LogConfig: Setting CVar [[p.chaos.AllowCreatePhysxBodies:1]]
[2019.09.30-14.00.50:114][  0]LogConfig: Applying CVar settings from Section [ConsoleVariables] File [C:/Users/HP/Documents/Unreal Projects/BreakoutBall 4.23/Saved/Config/Windows/Engine.ini]
[2019.09.30-14.00.50:114][  0]LogInit: Computer: AHMADABDALLAH
[2019.09.30-14.00.50:114][  0]LogInit: User: HP
[2019.09.30-14.00.50:114][  0]LogInit: CPU Page size=4096, Cores=4
[2019.09.30-14.00.50:114][  0]LogInit: High frequency timer resolution =1.945314 MHz
[2019.09.30-14.00.50:114][  0]LogMemory: Memory total: Physical=15.9GB (16GB approx)
[2019.09.30-14.00.50:114][  0]LogMemory: Platform Memory Stats for Windows
[2019.09.30-14.00.50:114][  0]LogMemory: Process Physical Memory: 101.18 MB used, 101.18 MB peak
[2019.09.30-14.00.50:114][  0]LogMemory: Process Virtual Memory: 100.72 MB used, 100.72 MB peak
[2019.09.30-14.00.50:114][  0]LogMemory: Physical Memory: 8179.02 MB used,  8120.08 MB free, 16299.10 MB total
[2019.09.30-14.00.50:114][  0]LogMemory: Virtual Memory: 4685.20 MB used,  134213040.00 MB free, 134217728.00 MB total
[2019.09.30-14.00.50:118][  0]LogWindows: WindowsPlatformFeatures enabled
[2019.09.30-14.00.50:568][  0]LogInit: Using OS detected language (en-GB).
[2019.09.30-14.00.50:568][  0]LogInit: Using OS detected locale (en-US).
[2019.09.30-14.00.50:569][  0]LogTextLocalizationManager: No specific localization for 'en-GB' exists, so the 'en' localization will be used.
[2019.09.30-14.00.51:098][  0]LogSlate: New Slate User Created.  User Index 0, Is Virtual User: 0
[2019.09.30-14.00.51:098][  0]LogSlate: Slate User Registered.  User Index 0, Is Virtual User: 0
[2019.09.30-14.00.51:143][  0]LogHMD: Failed to initialize OpenVR with code 110
[2019.09.30-14.00.51:144][  0]LogD3D11RHI: D3D11 adapters:
[2019.09.30-14.00.51:221][  0]LogD3D11RHI:    0. 'NVIDIA GeForce MX130' (Feature Level 11_0)
[2019.09.30-14.00.51:221][  0]LogD3D11RHI:       4055/0/8149 MB DedicatedVideo/DedicatedSystem/SharedSystem, Outputs:1, VendorId:0x10de
[2019.09.30-14.00.51:241][  0]LogD3D11RHI:    1. 'Intel(R) UHD Graphics 620' (Feature Level 11_0)
[2019.09.30-14.00.51:241][  0]LogD3D11RHI:       128/0/8149 MB DedicatedVideo/DedicatedSystem/SharedSystem, Outputs:0, VendorId:0x8086
[2019.09.30-14.00.51:245][  0]LogD3D11RHI:    2. 'Microsoft Basic Render Driver' (Feature Level 11_0)
[2019.09.30-14.00.51:245][  0]LogD3D11RHI:       0/0/8149 MB DedicatedVideo/DedicatedSystem/SharedSystem, Outputs:0, VendorId:0x1414
[2019.09.30-14.00.51:245][  0]LogD3D11RHI: Chosen D3D11 Adapter: 0
[2019.09.30-14.00.51:287][  0]LogD3D11RHI: Creating new Direct3DDevice
[2019.09.30-14.00.51:287][  0]LogD3D11RHI:     GPU DeviceId: 0x174d (for the marketing name, search the web for "GPU Device Id")
[2019.09.30-14.00.51:287][  0]LogWindows: EnumDisplayDevices:
[2019.09.30-14.00.51:288][  0]LogWindows:    0. 'Intel(R) UHD Graphics 620' (P:1 D:1)
[2019.09.30-14.00.51:288][  0]LogWindows:    1. 'Intel(R) UHD Graphics 620' (P:0 D:0)
[2019.09.30-14.00.51:288][  0]LogWindows:    2. 'Intel(R) UHD Graphics 620' (P:0 D:0)
[2019.09.30-14.00.51:288][  0]LogWindows: DebugString: PrimaryIsNotTheChoosenAdapter PrimaryIsNotTheChoosenAdapter PrimaryIsNotTheChoosenAdapter FoundDriverCount:0 
[2019.09.30-14.00.51:288][  0]LogD3D11RHI:     Adapter Name: NVIDIA GeForce MX130
[2019.09.30-14.00.51:288][  0]LogD3D11RHI:   Driver Version: Unknown (internal:Unknown, unified:Unknown)
[2019.09.30-14.00.51:288][  0]LogD3D11RHI:      Driver Date: Unknown
[2019.09.30-14.00.51:288][  0]LogRHI: Texture pool is 2839 MB (70% of 4055 MB)
[2019.09.30-14.00.51:332][  0]LogD3D11RHI: Async texture creation enabled
[2019.09.30-14.00.51:353][  0]LogD3D11RHI: GPU Timing Frequency: 1000.000000 (Debug: 2 2)
[2019.09.30-14.00.51:868][  0]LogTemp: Display: Module 'WindowsClientTargetPlatform' loaded TargetPlatform 'WindowsClient'
[2019.09.30-14.00.51:881][  0]LogTemp: Display: Module 'WindowsNoEditorTargetPlatform' loaded TargetPlatform 'WindowsNoEditor'
[2019.09.30-14.00.51:894][  0]LogTemp: Display: Module 'WindowsServerTargetPlatform' loaded TargetPlatform 'WindowsServer'
[2019.09.30-14.00.51:902][  0]LogTemp: Display: Module 'WindowsTargetPlatform' loaded TargetPlatform 'Windows'
[2019.09.30-14.00.51:902][  0]LogTargetPlatformManager: Display: Building Assets For Windows
[2019.09.30-14.00.52:007][  0]LogAudioDebug: Display: Lib vorbis DLL was dynamically loaded.
[2019.09.30-14.00.52:356][  0]LogShaderCompilers: Guid format shader working directory is -28 characters bigger than the processId version (../../../../../../Users/HP/Documents/Unreal Projects/BreakoutBall 4.23/Intermediate/Shaders/WorkingDirectory/30668/).
[2019.09.30-14.00.52:356][  0]LogShaderCompilers: Cleaned the shader compiler working directory 'C:/Users/HP/AppData/Local/Temp/UnrealShaderWorkingDir/B7EE4A9044B6A27ACDD6D18C58DDC44D/'.
[2019.09.30-14.00.52:362][  0]LogXGEController: Cannot use XGE Controller as Incredibuild is not installed on this machine.
[2019.09.30-14.00.52:362][  0]LogShaderCompilers: Cannot use XGE Shader Compiler as Incredibuild is not installed on this machine.
[2019.09.30-14.00.52:362][  0]LogShaderCompilers: Display: Using Local Shader Compiler.
[2019.09.30-14.00.56:890][  0]LogDerivedDataCache: Display: Max Cache Size: 512 MB
[2019.09.30-14.00.57:396][  0]LogDerivedDataCache: Loaded boot cache 0.51s 89MB C:/Users/HP/AppData/Local/UnrealEngine/4.23/DerivedDataCache/Boot.ddc.
[2019.09.30-14.00.57:396][  0]LogDerivedDataCache: Display: Loaded Boot cache: C:/Users/HP/AppData/Local/UnrealEngine/4.23/DerivedDataCache/Boot.ddc
[2019.09.30-14.00.57:396][  0]LogDerivedDataCache: FDerivedDataBackendGraph:  Pak pak cache file ../../../../../../Users/HP/Documents/Unreal Projects/BreakoutBall 4.23/DerivedDataCache/DDC.ddp not found, will not use a pak cache.
[2019.09.30-14.00.57:396][  0]LogDerivedDataCache: Unable to find inner node Pak for hierarchical cache Hierarchy.
[2019.09.30-14.00.57:396][  0]LogDerivedDataCache: FDerivedDataBackendGraph:  CompressedPak pak cache file ../../../../../../Users/HP/Documents/Unreal Projects/BreakoutBall 4.23/DerivedDataCache/Compressed.ddp not found, will not use a pak cache.
[2019.09.30-14.00.57:396][  0]LogDerivedDataCache: Unable to find inner node CompressedPak for hierarchical cache Hierarchy.
[2019.09.30-14.00.57:473][  0]LogDerivedDataCache: Display: Pak cache opened for reading ../../../Engine/DerivedDataCache/Compressed.ddp.
[2019.09.30-14.00.57:474][  0]LogDerivedDataCache: FDerivedDataBackendGraph:  EnterprisePak pak cache file ../../../Enterprise/DerivedDataCache/Compressed.ddp not found, will not use a pak cache.
[2019.09.30-14.00.57:474][  0]LogDerivedDataCache: Unable to find inner node EnterprisePak for hierarchical cache Hierarchy.
[2019.09.30-14.00.57:476][  0]LogDerivedDataCache: Using Local data cache path C:/Users/HP/AppData/Local/UnrealEngine/Common/DerivedDataCache: Writable
[2019.09.30-14.00.57:476][  0]LogDerivedDataCache: Shared data cache path not found in *engine.ini, will not use an Shared cache.
[2019.09.30-14.00.57:476][  0]LogDerivedDataCache: Unable to find inner node Shared for hierarchical cache Hierarchy.
[2019.09.30-14.00.57:504][  0]LogMaterial: Verifying Global Shaders for PCD3D_SM5
[2019.09.30-14.00.57:509][  0]LogSlate: Using FreeType 2.6.0
[2019.09.30-14.00.57:815][  0]LogSlate: SlateFontServices - WITH_FREETYPE: 1, WITH_HARFBUZZ: 1
[2019.09.30-14.00.59:637][  0]LogInit: Using OS detected language (en-GB).
[2019.09.30-14.00.59:637][  0]LogInit: Using OS detected locale (en-US).
[2019.09.30-14.00.59:637][  0]LogTextLocalizationManager: No localization for 'en-GB' exists, so 'en' will be used for the language.
[2019.09.30-14.00.59:637][  0]LogTextLocalizationManager: No localization for 'en-US' exists, so 'en' will be used for the locale.
[2019.09.30-14.00.59:637][  0]LogSlate: FontCache flush requested. Reason: Culture for localization was changed
[2019.09.30-14.00.59:637][  0]LogSlate: FontCache flush requested. Reason: Culture for localization was changed
[2019.09.30-14.00.59:639][  0]LogTextLocalizationManager: Compacting localization data took   0.01ms
[2019.09.30-14.00.59:646][  0]LogAssetRegistry: FAssetRegistry took 0.0020 seconds to start up
[2019.09.30-14.00.59:920][  0]LogPackageLocalizationCache: Processed 12 localized package path(s) for 1 prioritized culture(s) in 0.000747 seconds
[2019.09.30-14.01.00:002][  0]LogInit: Selected Device Profile: [Windows]
[2019.09.30-14.01.00:430][  0]LogMeshReduction: Using QuadricMeshReduction for automatic static mesh reduction
[2019.09.30-14.01.00:431][  0]LogMeshReduction: Using SimplygonMeshReduction for automatic skeletal mesh reduction
[2019.09.30-14.01.00:431][  0]LogMeshReduction: Using ProxyLODMeshReduction for automatic mesh merging
[2019.09.30-14.01.00:431][  0]LogMeshReduction: No distributed automatic mesh merging module available
[2019.09.30-14.01.00:431][  0]LogMeshMerging: No distributed automatic mesh merging module available
[2019.09.30-14.01.00:664][  0]LogNetVersion: BreakoutBall 1.0.0, NetCL: 8386587, EngineNetVer: 11, GameNetVer: 0 (Checksum: 1441291862)
[2019.09.30-14.01.08:692][  0]LogMoviePlayer: Initializing movie player
[2019.09.30-14.01.08:972][  0]LogTcpMessaging: Initializing TcpMessaging bridge
[2019.09.30-14.01.08:975][  0]LogUdpMessaging: Initializing bridge on interface 0.0.0.0:0 to multicast group 230.0.0.1:6666.
[2019.09.30-14.01.09:059][  0]LogCollectionManager: Loaded 0 collections in 0.004872 seconds
[2019.09.30-14.01.09:067][  0]LogFileCache: Scanning file cache for directory 'C:/Users/HP/Documents/Unreal Projects/BreakoutBall 4.23/Saved/Collections/' took 0.00s
[2019.09.30-14.01.09:067][  0]LogFileCache: Scanning file cache for directory 'C:/Users/HP/Documents/Unreal Projects/BreakoutBall 4.23/Content/Developers/HP/Collections/' took 0.00s
[2019.09.30-14.01.09:067][  0]LogFileCache: Scanning file cache for directory 'C:/Users/HP/Documents/Unreal Projects/BreakoutBall 4.23/Content/Collections/' took 0.00s
[2019.09.30-14.01.09:067][  0]LogCollectionManager: Rebuilt the object cache for 0 collections in 0.000003 seconds (found 0 objects)
[2019.09.30-14.01.09:067][  0]LogCollectionManager: Fixed up redirectors for 0 collections in 0.000134 seconds (updated 0 objects)
[2019.09.30-14.01.09:235][  0]SourceControl: Source control is disabled
[2019.09.30-14.01.09:235][  0]SourceControl: Source control is disabled
[2019.09.30-14.01.09:236][  0]SourceControl: Source control is disabled
[2019.09.30-14.01.09:350][  0]LogAndroidPermission: UAndroidPermissionCallbackProxy::GetInstance
[2019.09.30-14.01.09:585][  0]LogOcInput: OculusInput pre-init called
[2019.09.30-14.01.09:599][  0]LogUObjectArray: 48999 objects as part of root set at end of initial load.
[2019.09.30-14.01.09:599][  0]LogUObjectAllocator: 8639048 out of 0 bytes used by permanent object pool.
[2019.09.30-14.01.09:599][  0]LogUObjectArray: CloseDisregardForGC: 0/0 objects in disregard for GC pool
[2019.09.30-14.01.09:888][  0]LogEngine: Initializing Engine...
[2019.09.30-14.01.09:889][  0]LogHMD: Failed to initialize OpenVR with code 110
[2019.09.30-14.01.09:891][  0]LogStats: UGameplayTagsManager::InitializeManager -  0.000 s
[2019.09.30-14.01.10:617][  0]LogInit: Initializing FReadOnlyCVARCache
[2019.09.30-14.01.10:629][  0]LogInit: XAudio2 using 'Speaker/Headphone (Realtek(R) Audio)' : 2 channels at 48 kHz using 32 bits per sample (channel mask 0x3)
[2019.09.30-14.01.10:656][  0]LogInit: FAudioDevice initialized.
[2019.09.30-14.01.10:657][  0]LogNetVersion: Set ProjectVersion to 1.0.0.0. Version Checksum will be recalculated on next use.
[2019.09.30-14.01.10:664][  0]LogInit: Texture streaming: Enabled
[2019.09.30-14.01.12:070][  0]LogSlate: Updating window title bar state: overlay mode, drag disabled, window buttons hidden, title bar hidden
[2019.09.30-14.01.12:070][  0]LogInit: Display: Game Engine Initialized.
[2019.09.30-14.01.12:278][  0]LogInit: Display: Starting Game.
[2019.09.30-14.01.12:278][  0]LogNet: Browse: /Game/Levels/Level1?Name=Player
[2019.09.30-14.01.12:278][  0]LogLoad: LoadMap: /Game/Levels/Level1?Name=Player
[2019.09.30-14.01.12:278][  0]LogWorld: BeginTearingDown for /Temp/Untitled_0
[2019.09.30-14.01.12:279][  0]LogWorld: UWorld::CleanupWorld for Untitled, bSessionEnded=true, bCleanupResources=true
[2019.09.30-14.01.12:313][  0]LogUObjectHash: Compacting FUObjectHashTables data took   1.76ms
[2019.09.30-14.01.13:343][  0]LogAIModule: Creating AISystem for world Level1
[2019.09.30-14.01.13:343][  0]LogLoad: Game class is 'BOGameMode_C'
[2019.09.30-14.01.13:346][  0]LogMaterial: Warning: Material /Game/Materials/M_Palette.M_Palette missing bUsedWithInstancedStaticMeshes=True! Default Material will be used in game.
[2019.09.30-14.01.13:346][  0]LogMaterial: Warning:      The material will recompile every editor launch until resaved.
[2019.09.30-14.01.13:383][  0]LogWorld: Bringing World /Game/Levels/Level1.Level1 up for play (max tick rate 0) at 2019.09.30-17.01.13
[2019.09.30-14.01.13:384][  0]LogWorld: Bringing up level for play took: 0.039334
[2019.09.30-14.01.13:419][  0]r.ScreenPercentage = "50"
[2019.09.30-14.01.13:420][  0]r.Upscale.Quality = "0"
[2019.09.30-14.01.13:420][  0]LogLoad: Took 1.142821 seconds to LoadMap(/Game/Levels/Level1)
[2019.09.30-14.01.13:496][  0]LogRenderer: Reallocating scene render targets to support 640x360 Format 10 NumSamples 1 (Frame:1).
[2019.09.30-14.01.13:496][  0]LogLoad: (Engine Initialization) Total time: 30.23 seconds
[2019.09.30-14.01.13:496][  0]LogLoad: (Engine Initialization) Total Blueprint compile time: 0.00 seconds
[2019.09.30-14.01.13:516][  0]LogContentStreaming: Texture pool size now 1000 MB
[2019.09.30-14.03.43:615][289]LogBlueprintUserMessages: [BOGameMode_C_0] 42
[2019.09.30-14.03.46:018][438]LogBlueprintUserMessages: [BOGameMode_C_0] 41
[2019.09.30-14.03.48:988][622]LogBlueprintUserMessages: [BOGameMode_C_0] 41
[2019.09.30-14.03.50:731][730]LogBlueprintUserMessages: [BOGameMode_C_0] 39
[2019.09.30-14.03.52:941][867]LogBlueprintUserMessages: [BOGameMode_C_0] 38
[2019.09.30-14.03.53:199][883]LogBlueprintUserMessages: [BOGameMode_C_0] 38
[2019.09.30-14.03.53:457][899]LogBlueprintUserMessages: [BOGameMode_C_0] 37
[2019.09.30-14.03.53:652][911]LogBlueprintUserMessages: [BOGameMode_C_0] 37
[2019.09.30-14.03.53:861][924]LogBlueprintUserMessages: [BOGameMode_C_0] 37
[2019.09.30-14.03.54:054][936]LogBlueprintUserMessages: [BOGameMode_C_0] 36
[2019.09.30-14.03.54:264][949]LogBlueprintUserMessages: [BOGameMode_C_0] 36
[2019.09.30-14.03.54:442][960]LogBlueprintUserMessages: [BOGameMode_C_0] 35
[2019.09.30-14.03.54:458][961]LogBlueprintUserMessages: [BOGameMode_C_0] 34
[2019.09.30-14.03.54:458][961]LogBlueprintUserMessages: [BOGameMode_C_0] 34
[2019.09.30-14.03.54:458][961]LogBlueprintUserMessages: [BOGameMode_C_0] 34
[2019.09.30-14.03.54:458][961]LogBlueprintUserMessages: [BOGameMode_C_0] 34
[2019.09.30-14.03.54:474][962]LogBlueprintUserMessages: [BOGameMode_C_0] 34
[2019.09.30-14.03.54:474][962]LogBlueprintUserMessages: [BOGameMode_C_0] 34
[2019.09.30-14.03.54:474][962]LogBlueprintUserMessages: [BOGameMode_C_0] 34
[2019.09.30-14.03.54:490][963]LogBlueprintUserMessages: [BOGameMode_C_0] 34
[2019.09.30-14.03.54:490][963]LogBlueprintUserMessages: [BOGameMode_C_0] 34
[2019.09.30-14.03.54:490][963]LogBlueprintUserMessages: [BOGameMode_C_0] 34
[2019.09.30-14.03.54:507][964]LogBlueprintUserMessages: [BOGameMode_C_0] 34
[2019.09.30-14.03.54:507][964]LogBlueprintUserMessages: [BOGameMode_C_0] 34
[2019.09.30-14.03.54:507][964]LogBlueprintUserMessages: [BOGameMode_C_0] 34
[2019.09.30-14.03.54:507][964]LogBlueprintUserMessages: [BOGameMode_C_0] 34
[2019.09.30-14.03.54:507][964]LogBlueprintUserMessages: [BOGameMode_C_0] 34
[2019.09.30-14.03.54:523][965]LogBlueprintUserMessages: [BOGameMode_C_0] 34
[2019.09.30-14.03.54:523][965]LogBlueprintUserMessages: [BOGameMode_C_0] 34
[2019.09.30-14.03.54:523][965]LogBlueprintUserMessages: [BOGameMode_C_0] 34
[2019.09.30-14.03.54:523][965]LogBlueprintUserMessages: [BOGameMode_C_0] 34
[2019.09.30-14.03.54:523][965]LogBlueprintUserMessages: [BOGameMode_C_0] 34
[2019.09.30-14.03.54:539][966]LogBlueprintUserMessages: [BOGameMode_C_0] 34
[2019.09.30-14.03.54:539][966]LogBlueprintUserMessages: [BOGameMode_C_0] 34
[2019.09.30-14.03.54:539][966]LogBlueprintUserMessages: [BOGameMode_C_0] 34
[2019.09.30-14.03.54:539][966]LogBlueprintUserMessages: [BOGameMode_C_0] 34
[2019.09.30-14.03.54:539][966]LogBlueprintUserMessages: [BOGameMode_C_0] 34
[2019.09.30-14.03.54:539][966]LogBlueprintUserMessages: [BOGameMode_C_0] 34
[2019.09.30-14.03.54:539][966]LogBlueprintUserMessages: [BOGameMode_C_0] 34
[2019.09.30-14.03.54:555][967]LogBlueprintUserMessages: [BOGameMode_C_0] 34
[2019.09.30-14.03.54:555][967]LogBlueprintUserMessages: [BOGameMode_C_0] 34
[2019.09.30-14.03.54:555][967]LogBlueprintUserMessages: [BOGameMode_C_0] 34
[2019.09.30-14.03.54:555][967]LogBlueprintUserMessages: [BOGameMode_C_0] 34
[2019.09.30-14.03.54:555][967]LogBlueprintUserMessages: [BOGameMode_C_0] 34
[2019.09.30-14.03.54:571][968]LogBlueprintUserMessages: [BOGameMode_C_0] 34
[2019.09.30-14.03.54:571][968]LogBlueprintUserMessages: [BOGameMode_C_0] 34
[2019.09.30-14.03.54:571][968]LogBlueprintUserMessages: [BOGameMode_C_0] 34
[2019.09.30-14.03.54:571][968]LogBlueprintUserMessages: [BOGameMode_C_0] 34
[2019.09.30-14.03.54:571][968]LogBlueprintUserMessages: [BOGameMode_C_0] 34
[2019.09.30-14.03.54:587][969]LogBlueprintUserMessages: [BOGameMode_C_0] 34
[2019.09.30-14.03.54:587][969]LogBlueprintUserMessages: [BOGameMode_C_0] 34
[2019.09.30-14.03.54:603][970]LogBlueprintUserMessages: [BOGameMode_C_0] 34
[2019.09.30-14.03.54:603][970]LogBlueprintUserMessages: [BOGameMode_C_0] 34
[2019.09.30-14.03.54:603][970]LogBlueprintUserMessages: [BOGameMode_C_0] 34
[2019.09.30-14.03.54:620][971]LogBlueprintUserMessages: [BOGameMode_C_0] 34
[2019.09.30-14.03.54:635][972]LogBlueprintUserMessages: [BOGameMode_C_0] 34
[2019.09.30-14.03.54:635][972]LogBlueprintUserMessages: [BOGameMode_C_0] 34
[2019.09.30-14.03.54:651][973]LogBlueprintUserMessages: [BOGameMode_C_0] 34
[2019.09.30-14.03.54:651][973]LogBlueprintUserMessages: [BOGameMode_C_0] 34
[2019.09.30-14.03.54:668][974]LogBlueprintUserMessages: [BOGameMode_C_0] 34
[2019.09.30-14.03.54:668][974]LogBlueprintUserMessages: [BOGameMode_C_0] 34
[2019.09.30-14.03.54:684][975]LogBlueprintUserMessages: [BOGameMode_C_0] 34
[2019.09.30-14.03.54:700][976]LogBlueprintUserMessages: [BOGameMode_C_0] 34
[2019.09.30-14.03.54:700][976]LogBlueprintUserMessages: [BOGameMode_C_0] 34
[2019.09.30-14.03.54:716][977]LogBlueprintUserMessages: [BOGameMode_C_0] 34
[2019.09.30-14.03.54:748][979]LogBlueprintUserMessages: [BOGameMode_C_0] 34
[2019.09.30-14.03.54:764][980]LogBlueprintUserMessages: [BOGameMode_C_0] 34
[2019.09.30-14.03.54:780][981]LogBlueprintUserMessages: [BOGameMode_C_0] 34
[2019.09.30-14.03.54:796][982]LogBlueprintUserMessages: [BOGameMode_C_0] 34
[2019.09.30-14.03.54:813][983]LogBlueprintUserMessages: [BOGameMode_C_0] 34
[2019.09.30-14.03.54:828][984]LogBlueprintUserMessages: [BOGameMode_C_0] 34
[2019.09.30-14.03.54:878][987]LogBlueprintUserMessages: [BOGameMode_C_0] 34
[2019.09.30-14.03.54:974][993]LogBlueprintUserMessages: [BOGameMode_C_0] 33
[2019.09.30-14.03.54:990][994]LogBlueprintUserMessages: [BOGameMode_C_0] 33
[2019.09.30-14.03.54:990][994]LogBlueprintUserMessages: [BOGameMode_C_0] 33
[2019.09.30-14.03.55:006][995]LogBlueprintUserMessages: [BOGameMode_C_0] 33
[2019.09.30-14.03.55:023][996]LogBlueprintUserMessages: [BOGameMode_C_0] 33
[2019.09.30-14.03.55:039][997]LogBlueprintUserMessages: [BOGameMode_C_0] 33
[2019.09.30-14.03.55:055][998]LogBlueprintUserMessages: [BOGameMode_C_0] 33
[2019.09.30-14.03.55:055][998]LogBlueprintUserMessages: [BOGameMode_C_0] 33
[2019.09.30-14.03.55:055][998]LogBlueprintUserMessages: [BOGameMode_C_0] 33
[2019.09.30-14.03.55:071][999]LogBlueprintUserMessages: [BOGameMode_C_0] 33
[2019.09.30-14.03.55:087][  0]LogBlueprintUserMessages: [BOGameMode_C_0] 33
[2019.09.30-14.03.55:103][  1]LogBlueprintUserMessages: [BOGameMode_C_0] 33
[2019.09.30-14.03.55:119][  2]LogBlueprintUserMessages: [BOGameMode_C_0] 33
[2019.09.30-14.03.55:135][  3]LogBlueprintUserMessages: [BOGameMode_C_0] 33
[2019.09.30-14.03.55:151][  4]LogBlueprintUserMessages: [BOGameMode_C_0] 33
[2019.09.30-14.04.07:058][742]LogBlueprintUserMessages: [BOGameMode_C_0] 29
[2019.09.30-14.04.07:252][754]LogBlueprintUserMessages: [BOGameMode_C_0] 29
[2019.09.30-14.04.07:446][766]LogBlueprintUserMessages: [BOGameMode_C_0] 28
[2019.09.30-14.04.08:430][827]LogBlueprintUserMessages: [BOGameMode_C_0] 28
[2019.09.30-14.04.08:462][829]LogBlueprintUserMessages: [BOGameMode_C_0] 28
[2019.09.30-14.04.10:849][977]LogBlueprintUserMessages: [BOGameMode_C_0] 24
[2019.09.30-14.04.13:253][126]LogBlueprintUserMessages: [BOGameMode_C_0] 24
[2019.09.30-14.04.15:688][277]LogBlueprintUserMessages: [BOGameMode_C_0] 23
[2019.09.30-14.04.15:768][282]LogBlueprintUserMessages: [BOGameMode_C_0] 23
[2019.09.30-14.04.20:606][581]LogBlueprintUserMessages: [BOGameMode_C_0] 23
[2019.09.30-14.04.21:267][622]LogBlueprintUserMessages: [BOGameMode_C_0] 23
[2019.09.30-14.04.21:704][649]LogBlueprintUserMessages: [BOGameMode_C_0] 22
[2019.09.30-14.04.21:848][658]LogBlueprintUserMessages: [BOGameMode_C_0] 22
[2019.09.30-14.04.21:995][667]LogBlueprintUserMessages: [BOGameMode_C_0] 22
[2019.09.30-14.04.22:011][668]LogBlueprintUserMessages: [BOGameMode_C_0] 22
[2019.09.30-14.04.22:011][668]LogBlueprintUserMessages: [BOGameMode_C_0] 22
[2019.09.30-14.04.22:592][704]LogBlueprintUserMessages: [BOGameMode_C_0] 20
[2019.09.30-14.04.24:817][842]LogBlueprintUserMessages: [BOGameMode_C_0] 14
[2019.09.30-14.04.25:366][876]LogBlueprintUserMessages: [BOGameMode_C_0] 14
[2019.09.30-14.04.25:366][876]LogBlueprintUserMessages: [BOGameMode_C_0] 14
[2019.09.30-14.04.25:366][876]LogBlueprintUserMessages: [BOGameMode_C_0] 14
[2019.09.30-14.04.25:366][876]LogBlueprintUserMessages: [BOGameMode_C_0] 14
[2019.09.30-14.04.25:382][877]LogBlueprintUserMessages: [BOGameMode_C_0] 14
[2019.09.30-14.04.25:382][877]LogBlueprintUserMessages: [BOGameMode_C_0] 14
[2019.09.30-14.04.25:398][878]LogBlueprintUserMessages: [BOGameMode_C_0] 14
[2019.09.30-14.04.25:399][878]LogBlueprintUserMessages: [BOGameMode_C_0] 14
[2019.09.30-14.04.25:399][878]LogBlueprintUserMessages: [BOGameMode_C_0] 14
[2019.09.30-14.04.25:995][915]LogBlueprintUserMessages: [BOGameMode_C_0] 14
[2019.09.30-14.04.26:011][916]LogBlueprintUserMessages: [BOGameMode_C_0] 14
[2019.09.30-14.04.26:011][916]LogBlueprintUserMessages: [BOGameMode_C_0] 14
[2019.09.30-14.04.26:011][916]LogBlueprintUserMessages: [BOGameMode_C_0] 14
[2019.09.30-14.04.26:011][916]LogBlueprintUserMessages: [BOGameMode_C_0] 14
[2019.09.30-14.04.26:027][917]LogBlueprintUserMessages: [BOGameMode_C_0] 14
[2019.09.30-14.04.26:027][917]LogBlueprintUserMessages: [BOGameMode_C_0] 14
[2019.09.30-14.04.26:027][917]LogBlueprintUserMessages: [BOGameMode_C_0] 14
[2019.09.30-14.04.26:027][917]LogBlueprintUserMessages: [BOGameMode_C_0] 14
[2019.09.30-14.04.26:027][917]LogBlueprintUserMessages: [BOGameMode_C_0] 14
[2019.09.30-14.04.26:027][917]LogBlueprintUserMessages: [BOGameMode_C_0] 14
[2019.09.30-14.04.26:027][917]LogBlueprintUserMessages: [BOGameMode_C_0] 14
[2019.09.30-14.04.26:028][917]LogBlueprintUserMessages: [BOGameMode_C_0] 14
[2019.09.30-14.04.26:043][918]LogBlueprintUserMessages: [BOGameMode_C_0] 14
[2019.09.30-14.04.26:043][918]LogBlueprintUserMessages: [BOGameMode_C_0] 14
[2019.09.30-14.04.26:043][918]LogBlueprintUserMessages: [BOGameMode_C_0] 14
[2019.09.30-14.04.26:043][918]LogBlueprintUserMessages: [BOGameMode_C_0] 14
[2019.09.30-14.04.26:060][919]LogBlueprintUserMessages: [BOGameMode_C_0] 14
[2019.09.30-14.04.26:060][919]LogBlueprintUserMessages: [BOGameMode_C_0] 14
[2019.09.30-14.04.26:060][919]LogBlueprintUserMessages: [BOGameMode_C_0] 14
[2019.09.30-14.04.26:060][919]LogBlueprintUserMessages: [BOGameMode_C_0] 14
[2019.09.30-14.04.26:060][919]LogBlueprintUserMessages: [BOGameMode_C_0] 14
[2019.09.30-14.04.26:060][919]LogBlueprintUserMessages: [BOGameMode_C_0] 14
[2019.09.30-14.04.26:060][919]LogBlueprintUserMessages: [BOGameMode_C_0] 14
[2019.09.30-14.04.26:060][919]LogBlueprintUserMessages: [BOGameMode_C_0] 14
[2019.09.30-14.04.26:076][920]LogBlueprintUserMessages: [BOGameMode_C_0] 14
[2019.09.30-14.04.26:076][920]LogBlueprintUserMessages: [BOGameMode_C_0] 14
[2019.09.30-14.04.26:076][920]LogBlueprintUserMessages: [BOGameMode_C_0] 14
[2019.09.30-14.04.26:092][921]LogBlueprintUserMessages: [BOGameMode_C_0] 14
[2019.09.30-14.04.26:092][921]LogBlueprintUserMessages: [BOGameMode_C_0] 14
[2019.09.30-14.04.26:108][922]LogBlueprintUserMessages: [BOGameMode_C_0] 14
[2019.09.30-14.04.26:108][922]LogBlueprintUserMessages: [BOGameMode_C_0] 14
[2019.09.30-14.04.26:108][922]LogBlueprintUserMessages: [BOGameMode_C_0] 14
[2019.09.30-14.04.26:124][923]LogBlueprintUserMessages: [BOGameMode_C_0] 14
[2019.09.30-14.04.26:124][923]LogBlueprintUserMessages: [BOGameMode_C_0] 14
[2019.09.30-14.04.26:124][923]LogBlueprintUserMessages: [BOGameMode_C_0] 14
[2019.09.30-14.04.26:124][923]LogBlueprintUserMessages: [BOGameMode_C_0] 14
[2019.09.30-14.04.26:124][923]LogBlueprintUserMessages: [BOGameMode_C_0] 14
[2019.09.30-14.04.26:140][924]LogBlueprintUserMessages: [BOGameMode_C_0] 14
[2019.09.30-14.04.26:157][925]LogBlueprintUserMessages: [BOGameMode_C_0] 14
[2019.09.30-14.04.26:157][925]LogBlueprintUserMessages: [BOGameMode_C_0] 14
[2019.09.30-14.04.26:173][926]LogBlueprintUserMessages: [BOGameMode_C_0] 14
[2019.09.30-14.04.26:189][927]LogBlueprintUserMessages: [BOGameMode_C_0] 14
[2019.09.30-14.04.26:204][928]LogBlueprintUserMessages: [BOGameMode_C_0] 14
[2019.09.30-14.04.26:221][929]LogBlueprintUserMessages: [BOGameMode_C_0] 14
[2019.09.30-14.04.26:237][930]LogBlueprintUserMessages: [BOGameMode_C_0] 14
[2019.09.30-14.04.26:237][930]LogBlueprintUserMessages: [BOGameMode_C_0] 14
[2019.09.30-14.04.26:253][931]LogBlueprintUserMessages: [BOGameMode_C_0] 14
[2019.09.30-14.04.26:269][932]LogBlueprintUserMessages: [BOGameMode_C_0] 14
[2019.09.30-14.04.26:269][932]LogBlueprintUserMessages: [BOGameMode_C_0] 14
[2019.09.30-14.04.26:285][933]LogBlueprintUserMessages: [BOGameMode_C_0] 14
[2019.09.30-14.04.26:285][933]LogBlueprintUserMessages: [BOGameMode_C_0] 14
[2019.09.30-14.04.26:301][934]LogBlueprintUserMessages: [BOGameMode_C_0] 14
[2019.09.30-14.04.26:301][934]LogBlueprintUserMessages: [BOGameMode_C_0] 14
[2019.09.30-14.04.26:317][935]LogBlueprintUserMessages: [BOGameMode_C_0] 14
[2019.09.30-14.04.26:317][935]LogBlueprintUserMessages: [BOGameMode_C_0] 14
[2019.09.30-14.04.26:543][949]LogBlueprintUserMessages: [BOGameMode_C_0] 10
[2019.09.30-14.04.26:560][950]LogBlueprintUserMessages: [BOGameMode_C_0] 10
[2019.09.30-14.04.26:591][952]LogBlueprintUserMessages: [BOGameMode_C_0] 10
[2019.09.30-14.04.26:608][953]LogBlueprintUserMessages: [BOGameMode_C_0] 10
[2019.09.30-14.04.26:624][954]LogBlueprintUserMessages: [BOGameMode_C_0] 10
[2019.09.30-14.04.26:640][955]LogBlueprintUserMessages: [BOGameMode_C_0] 10
[2019.09.30-14.04.26:656][956]LogBlueprintUserMessages: [BOGameMode_C_0] 10
[2019.09.30-14.04.26:656][956]LogBlueprintUserMessages: [BOGameMode_C_0] 10
[2019.09.30-14.04.26:673][957]LogBlueprintUserMessages: [BOGameMode_C_0] 10
[2019.09.30-14.04.26:673][957]LogBlueprintUserMessages: [BOGameMode_C_0] 10
[2019.09.30-14.04.26:689][958]LogBlueprintUserMessages: [BOGameMode_C_0] 10
[2019.09.30-14.04.26:705][959]LogBlueprintUserMessages: [BOGameMode_C_0] 10
[2019.09.30-14.04.26:721][960]LogBlueprintUserMessages: [BOGameMode_C_0] 10
[2019.09.30-14.04.26:737][961]LogBlueprintUserMessages: [BOGameMode_C_0] 10
[2019.09.30-14.04.26:753][962]LogBlueprintUserMessages: [BOGameMode_C_0] 10
[2019.09.30-14.04.26:769][963]LogBlueprintUserMessages: [BOGameMode_C_0] 10
[2019.09.30-14.04.26:785][964]LogBlueprintUserMessages: [BOGameMode_C_0] 10
[2019.09.30-14.04.26:786][964]LogBlueprintUserMessages: [BOGameMode_C_0] 10
[2019.09.30-14.04.26:786][964]LogBlueprintUserMessages: [BOGameMode_C_0] 10
[2019.09.30-14.04.26:786][964]LogBlueprintUserMessages: [BOGameMode_C_0] 10
[2019.09.30-14.04.26:802][965]LogBlueprintUserMessages: [BOGameMode_C_0] 10
[2019.09.30-14.04.26:818][966]LogBlueprintUserMessages: [BOGameMode_C_0] 10
[2019.09.30-14.04.26:818][966]LogBlueprintUserMessages: [BOGameMode_C_0] 10
[2019.09.30-14.04.26:818][966]LogBlueprintUserMessages: [BOGameMode_C_0] 10
[2019.09.30-14.04.26:818][966]LogBlueprintUserMessages: [BOGameMode_C_0] 10
[2019.09.30-14.04.26:834][967]LogBlueprintUserMessages: [BOGameMode_C_0] 10
[2019.09.30-14.04.26:834][967]LogBlueprintUserMessages: [BOGameMode_C_0] 10
[2019.09.30-14.04.26:850][968]LogBlueprintUserMessages: [BOGameMode_C_0] 10
[2019.09.30-14.04.26:850][968]LogBlueprintUserMessages: [BOGameMode_C_0] 10
[2019.09.30-14.04.26:850][968]LogBlueprintUserMessages: [BOGameMode_C_0] 10
[2019.09.30-14.04.26:850][968]LogBlueprintUserMessages: [BOGameMode_C_0] 10
[2019.09.30-14.04.26:866][969]LogBlueprintUserMessages: [BOGameMode_C_0] 10
[2019.09.30-14.04.26:866][969]LogBlueprintUserMessages: [BOGameMode_C_0] 10
[2019.09.30-14.04.26:866][969]LogBlueprintUserMessages: [BOGameMode_C_0] 10
[2019.09.30-14.04.26:882][970]LogBlueprintUserMessages: [BOGameMode_C_0] 10
[2019.09.30-14.04.28:285][ 57]LogBlueprintUserMessages: [BOGameMode_C_0] 8
[2019.09.30-14.04.28:398][ 64]LogBlueprintUserMessages: [BOGameMode_C_0] 8
[2019.09.30-14.04.31:688][268]LogBlueprintUserMessages: [BOGameMode_C_0] 5
[2019.09.30-14.04.34:092][417]LogBlueprintUserMessages: [BOGameMode_C_0] 5
[2019.09.30-14.04.36:495][566]LogBlueprintUserMessages: [BOGameMode_C_0] 4
[2019.09.30-14.04.44:080][ 36]LogBlueprintUserMessages: [BOGameMode_C_0] 3
[2019.09.30-14.04.48:837][331]LogBlueprintUserMessages: [BOGameMode_C_0] 3
[2019.09.30-14.04.52:321][547]LogBlueprintUserMessages: [BOGameMode_C_0] 2
[2019.09.30-14.04.57:953][896]LogBlueprintUserMessages: [BOGameMode_C_0] 2
[2019.09.30-14.04.58:437][926]LogBlueprintUserMessages: [BOGameMode_C_0] 2
[2019.09.30-14.04.58:437][926]LogBlueprintUserMessages: [BOGameMode_C_0] 2
[2019.09.30-14.04.58:437][926]LogBlueprintUserMessages: [BOGameMode_C_0] 2
[2019.09.30-14.04.58:437][926]LogBlueprintUserMessages: [BOGameMode_C_0] 2
[2019.09.30-14.04.58:437][926]LogBlueprintUserMessages: [BOGameMode_C_0] 2
[2019.09.30-14.04.58:437][926]LogBlueprintUserMessages: [BOGameMode_C_0] 2
[2019.09.30-14.04.58:453][927]LogBlueprintUserMessages: [BOGameMode_C_0] 2
[2019.09.30-14.04.58:469][928]LogBlueprintUserMessages: [BOGameMode_C_0] 2
[2019.09.30-14.04.58:469][928]LogBlueprintUserMessages: [BOGameMode_C_0] 2
[2019.09.30-14.04.58:470][928]LogBlueprintUserMessages: [BOGameMode_C_0] 2
[2019.09.30-14.04.58:470][928]LogBlueprintUserMessages: [BOGameMode_C_0] 2
[2019.09.30-14.04.58:470][928]LogBlueprintUserMessages: [BOGameMode_C_0] 2
[2019.09.30-14.04.58:470][928]LogBlueprintUserMessages: [BOGameMode_C_0] 2
[2019.09.30-14.04.58:486][929]LogBlueprintUserMessages: [BOGameMode_C_0] 2
[2019.09.30-14.04.58:486][929]LogBlueprintUserMessages: [BOGameMode_C_0] 2
[2019.09.30-14.04.58:486][929]LogBlueprintUserMessages: [BOGameMode_C_0] 2
[2019.09.30-14.04.58:486][929]LogBlueprintUserMessages: [BOGameMode_C_0] 2
[2019.09.30-14.04.58:486][929]LogBlueprintUserMessages: [BOGameMode_C_0] 2
[2019.09.30-14.04.58:486][929]LogBlueprintUserMessages: [BOGameMode_C_0] 2
[2019.09.30-14.04.58:501][930]LogBlueprintUserMessages: [BOGameMode_C_0] 2
[2019.09.30-14.04.58:501][930]LogBlueprintUserMessages: [BOGameMode_C_0] 2
[2019.09.30-14.04.58:501][930]LogBlueprintUserMessages: [BOGameMode_C_0] 2
[2019.09.30-14.04.58:517][931]LogBlueprintUserMessages: [BOGameMode_C_0] 2
[2019.09.30-14.04.58:518][931]LogBlueprintUserMessages: [BOGameMode_C_0] 2
[2019.09.30-14.04.58:518][931]LogBlueprintUserMessages: [BOGameMode_C_0] 2
[2019.09.30-14.04.58:534][932]LogBlueprintUserMessages: [BOGameMode_C_0] 2
[2019.09.30-14.04.58:551][933]LogBlueprintUserMessages: [BOGameMode_C_0] 2
[2019.09.30-14.04.58:566][934]LogBlueprintUserMessages: [BOGameMode_C_0] 2
[2019.09.30-14.04.58:598][936]LogBlueprintUserMessages: [BOGameMode_C_0] 2
[2019.09.30-14.04.58:615][937]LogBlueprintUserMessages: [BOGameMode_C_0] 2
[2019.09.30-14.04.58:631][938]LogBlueprintUserMessages: [BOGameMode_C_0] 2
[2019.09.30-14.04.58:647][939]LogBlueprintUserMessages: [BOGameMode_C_0] 2
[2019.09.30-14.04.58:663][940]LogBlueprintUserMessages: [BOGameMode_C_0] 2
[2019.09.30-14.04.58:679][941]LogBlueprintUserMessages: [BOGameMode_C_0] 2
[2019.09.30-14.04.58:696][942]LogBlueprintUserMessages: [BOGameMode_C_0] 2
[2019.09.30-14.04.58:712][943]LogBlueprintUserMessages: [BOGameMode_C_0] 2
[2019.09.30-14.04.58:728][944]LogBlueprintUserMessages: [BOGameMode_C_0] 2
[2019.09.30-14.04.58:744][945]LogBlueprintUserMessages: [BOGameMode_C_0] 2
[2019.09.30-14.04.58:760][946]LogBlueprintUserMessages: [BOGameMode_C_0] 2
[2019.09.30-14.04.58:776][947]LogBlueprintUserMessages: [BOGameMode_C_0] 2
[2019.09.30-14.04.58:792][948]LogBlueprintUserMessages: [BOGameMode_C_0] 2
[2019.09.30-14.04.58:808][949]LogBlueprintUserMessages: [BOGameMode_C_0] 2
[2019.09.30-14.04.58:825][950]LogBlueprintUserMessages: [BOGameMode_C_0] 2
[2019.09.30-14.04.58:841][951]LogBlueprintUserMessages: [BOGameMode_C_0] 2
[2019.09.30-14.04.58:857][952]LogBlueprintUserMessages: [BOGameMode_C_0] 2
[2019.09.30-14.04.58:954][958]LogBlueprintUserMessages: [BOGameMode_C_0] 2
[2019.09.30-14.04.59:018][962]LogBlueprintUserMessages: [BOGameMode_C_0] 2
[2019.09.30-14.05.01:808][135]LogBlueprintUserMessages: [BOGameMode_C_0] 1
[2019.09.30-14.05.09:184][592]LogBlueprintUserMessages: [BOGameMode_C_0] 1
[2019.09.30-14.05.16:353][ 36]LogBlueprintUserMessages: [BOGameMode_C_0] 1
[2019.09.30-14.05.28:900][813]LogNet: Browse: /Game/Levels/Level1
[2019.09.30-14.05.28:900][813]LogLoad: LoadMap: /Game/Levels/Level1
[2019.09.30-14.05.28:900][813]LogWorld: BeginTearingDown for /Game/Levels/Level1
[2019.09.30-14.05.28:901][813]LogWorld: UWorld::CleanupWorld for Level1, bSessionEnded=true, bCleanupResources=true
[2019.09.30-14.05.28:938][813]LogUObjectHash: Compacting FUObjectHashTables data took   2.76ms
[2019.09.30-14.05.29:109][813]LogAIModule: Creating AISystem for world Level1
[2019.09.30-14.05.29:109][813]LogLoad: Game class is 'BOGameMode_C'
[2019.09.30-14.05.29:111][813]LogMaterial: Warning: Material /Game/Materials/M_Palette.M_Palette missing bUsedWithInstancedStaticMeshes=True! Default Material will be used in game.
[2019.09.30-14.05.29:111][813]LogMaterial: Warning:      The material will recompile every editor launch until resaved.
[2019.09.30-14.05.29:135][813]LogWorld: Bringing World /Game/Levels/Level1.Level1 up for play (max tick rate 0) at 2019.09.30-17.05.29
[2019.09.30-14.05.29:136][813]LogWorld: Bringing up level for play took: 0.025443
[2019.09.30-14.05.29:138][813]r.ScreenPercentage = "50"
[2019.09.30-14.05.29:138][813]r.Upscale.Quality = "0"
[2019.09.30-14.05.29:139][813]LogLoad: Took 0.239415 seconds to LoadMap(/Game/Levels/Level1)
[2019.09.30-14.05.38:751][409]LogSlate: Window 'BreakoutBall (64-bit Development PCD3D_SM5) ' being destroyed
[2019.09.30-14.05.38:752][409]LogWindowsTextInputMethodSystem: Display: IME system now deactivated.
[2019.09.30-14.05.38:756][409]LogSlate: Updating window title bar state: overlay mode, drag disabled, window buttons hidden, title bar hidden
[2019.09.30-14.05.38:756][409]LogEngine: All Windows Closed
[2019.09.30-14.05.38:756][409]LogWindows: FPlatformMisc::RequestExit(0)
[2019.09.30-14.05.38:765][410]LogWorld: BeginTearingDown for /Game/Levels/Level1
[2019.09.30-14.05.38:766][410]LogWorld: UWorld::CleanupWorld for Level1, bSessionEnded=true, bCleanupResources=true
[2019.09.30-14.05.39:043][410]LogExit: Preparing to exit.
[2019.09.30-14.05.39:043][410]LogMoviePlayer: Shutting down movie player
[2019.09.30-14.05.39:172][410]LogSlate: Updating window title bar state: overlay mode, drag disabled, window buttons hidden, title bar hidden
[2019.09.30-14.05.39:184][410]LogExit: Game engine shut down
[2019.09.30-14.05.39:186][410]LogDemo: Cleaned up 0 splitscreen connections with owner deletion
[2019.09.30-14.05.39:286][410]LogExit: Object subsystem successfully closed.
[2019.09.30-14.05.39:308][410]LogShaderCompilers: Display: Shaders left to compile 0
[2019.09.30-14.05.39:329][410]LogModuleManager: Shutting down and abandoning module SequenceRecorderSections (416)
[2019.09.30-14.05.39:329][410]LogModuleManager: Shutting down and abandoning module SequenceRecorder (414)
[2019.09.30-14.05.39:329][410]LogModuleManager: Shutting down and abandoning module AutomationController (412)
[2019.09.30-14.05.39:331][410]LogModuleManager: Shutting down and abandoning module AutomationWorker (410)
[2019.09.30-14.05.39:331][410]LogModuleManager: Shutting down and abandoning module Voice (408)
[2019.09.30-14.05.39:331][410]LogModuleManager: Shutting down and abandoning module AIModule (406)
[2019.09.30-14.05.39:331][410]LogModuleManager: Shutting down and abandoning module GameplayDebugger (405)
[2019.09.30-14.05.39:331][410]LogModuleManager: Shutting down and abandoning module AITestSuite (403)
[2019.09.30-14.05.39:331][410]LogModuleManager: Shutting down and abandoning module NavigationSystem (401)
[2019.09.30-14.05.39:331][410]LogModuleManager: Shutting down and abandoning module OculusMR (398)
[2019.09.30-14.05.39:331][410]LogModuleManager: Shutting down and abandoning module WmfMediaFactory (396)
[2019.09.30-14.05.39:331][410]LogModuleManager: Shutting down and abandoning module WebMMediaFactory (394)
[2019.09.30-14.05.39:331][410]LogModuleManager: Shutting down and abandoning module WebMMedia (392)
[2019.09.30-14.05.39:331][410]LogModuleManager: Shutting down and abandoning module OpenExrWrapper (390)
[2019.09.30-14.05.39:331][410]LogModuleManager: Shutting down and abandoning module ImgMediaFactory (388)
[2019.09.30-14.05.39:331][410]LogModuleManager: Shutting down and abandoning module AvfMediaFactory (386)
[2019.09.30-14.05.39:331][410]LogModuleManager: Shutting down and abandoning module MagicLeapCameraPreviewFactory (384)
[2019.09.30-14.05.39:331][410]LogModuleManager: Shutting down and abandoning module MagicLeapMediaCodecFactory (382)
[2019.09.30-14.05.39:331][410]LogModuleManager: Shutting down and abandoning module MagicLeapMediaFactory (380)
[2019.09.30-14.05.39:331][410]LogModuleManager: Shutting down and abandoning module CharacterAI (378)
[2019.09.30-14.05.39:331][410]LogModuleManager: Shutting down and abandoning module SessionServices (376)
[2019.09.30-14.05.39:331][410]LogModuleManager: Shutting down and abandoning module MovieSceneCapture (374)
[2019.09.30-14.05.39:331][410]LogModuleManager: Shutting down and abandoning module LiveCoding (372)
[2019.09.30-14.05.39:331][410]LogModuleManager: Shutting down and abandoning module LevelSequence (370)
[2019.09.30-14.05.39:331][410]LogModuleManager: Shutting down and abandoning module MovieSceneTracks (368)
[2019.09.30-14.05.39:331][410]LogModuleManager: Shutting down and abandoning module MovieScene (366)
[2019.09.30-14.05.39:331][410]LogModuleManager: Shutting down and abandoning module StreamingPauseRendering (364)
[2019.09.30-14.05.39:331][410]LogModuleManager: Shutting down and abandoning module PortalServices (362)
[2019.09.30-14.05.39:331][410]LogModuleManager: Shutting down and abandoning module PortalRpc (360)
[2019.09.30-14.05.39:331][410]LogModuleManager: Shutting down and abandoning module MessagingRpc (358)
[2019.09.30-14.05.39:331][410]LogModuleManager: Shutting down and abandoning module ImageWriteQueue (356)
[2019.09.30-14.05.39:334][410]LogModuleManager: Shutting down and abandoning module ProfilerService (354)
[2019.09.30-14.05.39:462][410]LogModuleManager: Shutting down and abandoning module TaskGraph (352)
[2019.09.30-14.05.39:462][410]LogModuleManager: Shutting down and abandoning module SteamVRController (350)
[2019.09.30-14.05.39:462][410]LogModuleManager: Shutting down and abandoning module ProceduralMeshComponent (348)
[2019.09.30-14.05.39:462][410]LogModuleManager: Shutting down and abandoning module OculusInput (346)
[2019.09.30-14.05.39:462][410]LogModuleManager: Shutting down and abandoning module MobilePatchingUtils (344)
[2019.09.30-14.05.39:462][410]LogModuleManager: Shutting down and abandoning module EditableMesh (342)
[2019.09.30-14.05.39:462][410]LogModuleManager: Shutting down and abandoning module CustomMeshComponent (340)
[2019.09.30-14.05.39:462][410]LogModuleManager: Shutting down and abandoning module CableComponent (338)
[2019.09.30-14.05.39:463][410]LogModuleManager: Shutting down and abandoning module AudioCapture (336)
[2019.09.30-14.05.39:463][410]LogModuleManager: Shutting down and abandoning module ArchVisCharacter (334)
[2019.09.30-14.05.39:463][410]LogModuleManager: Shutting down and abandoning module AppleImageUtilsBlueprintSupport (332)
[2019.09.30-14.05.39:463][410]LogModuleManager: Shutting down and abandoning module AppleImageUtils (330)
[2019.09.30-14.05.39:463][410]LogModuleManager: Shutting down and abandoning module AndroidPermission (328)
[2019.09.30-14.05.39:463][410]LogModuleManager: Shutting down and abandoning module NUTUnrealEngine4 (326)
[2019.09.30-14.05.39:463][410]LogModuleManager: Shutting down and abandoning module NetcodeUnitTest (324)
[2019.09.30-14.05.39:463][410]LogModuleManager: Shutting down and abandoning module MediaCompositing (322)
[2019.09.30-14.05.39:463][410]LogModuleManager: Shutting down and abandoning module ImgMedia (320)
[2019.09.30-14.05.39:463][410]LogModuleManager: Shutting down and abandoning module MagicLeapHelperVulkan (318)
[2019.09.30-14.05.39:463][410]LogModuleManager: Shutting down and abandoning module MagicLeapHelperOpenGL (316)
[2019.09.30-14.05.39:463][410]LogModuleManager: Shutting down and abandoning module MagicLeapAudio (314)
[2019.09.30-14.05.39:463][410]LogModuleManager: Shutting down and abandoning module HTML5Networking (312)
[2019.09.30-14.05.39:463][410]LogModuleManager: Shutting down and abandoning module GeometryCacheTracks (310)
[2019.09.30-14.05.39:463][410]LogModuleManager: Shutting down and abandoning module GeometryCacheSequencer (309)
[2019.09.30-14.05.39:463][410]LogModuleManager: Shutting down and abandoning module GeometryCache (306)
[2019.09.30-14.05.39:463][410]LogModuleManager: Shutting down and abandoning module GeometryCacheEd (305)
[2019.09.30-14.05.39:463][410]LogModuleManager: Shutting down and abandoning module BackChannel (302)
[2019.09.30-14.05.39:463][410]LogModuleManager: Shutting down and abandoning module AutomationUtils (300)
[2019.09.30-14.05.39:463][410]LogModuleManager: Shutting down and abandoning module VariantManagerContent (298)
[2019.09.30-14.05.39:463][410]LogModuleManager: Shutting down and abandoning module CryptoKeysOpenSSL (296)
[2019.09.30-14.05.39:463][410]LogModuleManager: Shutting down and abandoning module CryptoKeys (294)
[2019.09.30-14.05.39:463][410]LogModuleManager: Shutting down and abandoning module VisualStudioSourceCodeAccess (292)
[2019.09.30-14.05.39:463][410]LogModuleManager: Shutting down and abandoning module HotReload (291)
[2019.09.30-14.05.39:464][410]LogModuleManager: Shutting down and abandoning module VisualStudioCodeSourceCodeAccess (288)
[2019.09.30-14.05.39:464][410]LogModuleManager: Shutting down and abandoning module UObjectPlugin (286)
[2019.09.30-14.05.39:464][410]LogModuleManager: Shutting down and abandoning module SubversionSourceControl (284)
[2019.09.30-14.05.39:464][410]LogModuleManager: Shutting down and abandoning module PerforceSourceControl (282)
[2019.09.30-14.05.39:464][410]LogModuleManager: Shutting down and abandoning module SourceControl (281)
[2019.09.30-14.05.39:464][410]LogModuleManager: Shutting down and abandoning module CLionSourceCodeAccess (278)
[2019.09.30-14.05.39:464][410]LogModuleManager: Shutting down and abandoning module ActorLayerUtilities (276)
[2019.09.30-14.05.39:464][410]LogModuleManager: Shutting down and abandoning module SignificanceManager (274)
[2019.09.30-14.05.39:464][410]LogModuleManager: Shutting down and abandoning module RuntimePhysXCooking (272)
[2019.09.30-14.05.39:464][410]LogModuleManager: Shutting down and abandoning module PhysXVehiclesEditor (270)
[2019.09.30-14.05.39:464][410]LogModuleManager: Shutting down and abandoning module LocationServicesBPLibrary (266)
[2019.09.30-14.05.39:464][410]LogModuleManager: Shutting down and abandoning module ApexDestructionEditor (264)
[2019.09.30-14.05.39:464][410]LogModuleManager: Shutting down and abandoning module ContentBrowser (263)
[2019.09.30-14.05.39:464][410]LogModuleManager: Shutting down and abandoning module CollectionManager (262)
[2019.09.30-14.05.39:465][410]LogModuleManager: Shutting down and abandoning module DirectoryWatcher (261)
[2019.09.30-14.05.39:465][410]LogModuleManager: Shutting down and abandoning module ApexDestruction (256)
[2019.09.30-14.05.39:465][410]LogModuleManager: Shutting down and abandoning module ActorSequence (254)
[2019.09.30-14.05.39:465][410]LogModuleManager: Shutting down and abandoning module UdpMessaging (252)
[2019.09.30-14.05.39:565][410]LogModuleManager: Shutting down and abandoning module TcpMessaging (250)
[2019.09.30-14.05.40:116][410]LogModuleManager: Shutting down and abandoning module MagicLeapIdentity (248)
[2019.09.30-14.05.40:116][410]LogModuleManager: Shutting down and abandoning module MagicLeapSecureStorage (246)
[2019.09.30-14.05.40:116][410]LogModuleManager: Shutting down and abandoning module MagicLeapHandTracking (244)
[2019.09.30-14.05.40:116][410]LogModuleManager: Shutting down and abandoning module MagicLeapEyeTracker (242)
[2019.09.30-14.05.40:116][410]LogModuleManager: Shutting down and abandoning module MagicLeapController (240)
[2019.09.30-14.05.40:116][410]LogSlate: Slate User Destroyed.  User Index 0, Is Virtual User: 0
[2019.09.30-14.05.40:116][410]LogModuleManager: Shutting down and abandoning module MagicLeapAR (238)
[2019.09.30-14.05.40:116][410]LogModuleManager: Shutting down and abandoning module AugmentedReality (237)
[2019.09.30-14.05.40:116][410]LogModuleManager: Shutting down and abandoning module GameplayTagsEditor (234)
[2019.09.30-14.05.40:116][410]LogModuleManager: Shutting down and abandoning module FacialAnimation (232)
[2019.09.30-14.05.40:116][410]LogModuleManager: Shutting down and abandoning module AssetManagerEditor (230)
[2019.09.30-14.05.40:116][410]LogModuleManager: Shutting down and abandoning module TreeMap (229)
[2019.09.30-14.05.40:116][410]LogModuleManager: Shutting down and abandoning module AnimationSharing (226)
[2019.09.30-14.05.40:116][410]LogModuleManager: Shutting down and abandoning module LightPropagationVolumeRuntime (224)
[2019.09.30-14.05.40:116][410]LogModuleManager: Shutting down and abandoning module Paper2D (222)
[2019.09.30-14.05.40:116][410]LogModuleManager: Shutting down and abandoning module WindowsMoviePlayer (220)
[2019.09.30-14.05.40:116][410]LogModuleManager: Shutting down and abandoning module WebMMoviePlayer (218)
[2019.09.30-14.05.40:116][410]LogModuleManager: Shutting down and abandoning module NetworkReplayStreaming (216)
[2019.09.30-14.05.40:116][410]LogModuleManager: Shutting down and abandoning module PacketHandler (214)
[2019.09.30-14.05.40:116][410]LogModuleManager: Shutting down and abandoning module ClothingSystemEditor (212)
[2019.09.30-14.05.40:116][410]LogModuleManager: Shutting down and abandoning module ClothingSystemRuntime (210)
[2019.09.30-14.05.40:116][410]LogModuleManager: Shutting down and abandoning module MediaAssets (208)
[2019.09.30-14.05.40:116][410]LogModuleManager: Shutting down and abandoning module Overlay (206)
[2019.09.30-14.05.40:116][410]LogModuleManager: Shutting down and abandoning module OverlayEditor (205)
[2019.09.30-14.05.40:116][410]LogModuleManager: Shutting down and abandoning module VREditor (202)
[2019.09.30-14.05.40:116][410]LogModuleManager: Shutting down and abandoning module StringTableEditor (200)
[2019.09.30-14.05.40:116][410]LogModuleManager: Shutting down and abandoning module GameplayTasksEditor (198)
[2019.09.30-14.05.40:117][410]LogModuleManager: Shutting down and abandoning module BehaviorTreeEditor (196)
[2019.09.30-14.05.40:117][410]LogModuleManager: Shutting down and abandoning module FunctionalTesting (194)
[2019.09.30-14.05.40:117][410]LogModuleManager: Shutting down and abandoning module CollisionAnalyzer (192)
[2019.09.30-14.05.40:117][410]LogModuleManager: Shutting down and abandoning module WorkspaceMenuStructure (191)
[2019.09.30-14.05.40:117][410]LogModuleManager: Shutting down and abandoning module UMG (188)
[2019.09.30-14.05.40:117][410]LogModuleManager: Shutting down and abandoning module UMGEditor (187)
[2019.09.30-14.05.40:117][410]LogModuleManager: Shutting down and abandoning module Sequencer (186)
[2019.09.30-14.05.40:117][410]LogModuleManager: Shutting down and abandoning module MessageLog (183)
[2019.09.30-14.05.40:117][410]LogModuleManager: Shutting down and abandoning module SlateReflector (178)
[2019.09.30-14.05.40:117][410]LogModuleManager: Shutting down and abandoning module Slate (176)
[2019.09.30-14.05.40:117][410]LogModuleManager: Shutting down and abandoning module LandscapeEditorUtilities (174)
[2019.09.30-14.05.40:117][410]LogModuleManager: Shutting down and abandoning module EditorStyle (172)
[2019.09.30-14.05.40:118][410]LogModuleManager: Shutting down and abandoning module UnrealEd (170)
[2019.09.30-14.05.40:118][410]LogModuleManager: Shutting down and abandoning module MRMesh (168)
[2019.09.30-14.05.40:118][410]LogModuleManager: Shutting down and abandoning module Messaging (166)
[2019.09.30-14.05.40:118][410]LogModuleManager: Shutting down and abandoning module SourceCodeAccess (164)
[2019.09.30-14.05.40:118][410]LogModuleManager: Shutting down and abandoning module HeadMountedDisplay (162)
[2019.09.30-14.05.40:118][410]LogModuleManager: Shutting down and abandoning module XAudio2 (160)
[2019.09.30-14.05.40:118][410]LogModuleManager: Shutting down and abandoning module Networking (158)
[2019.09.30-14.05.40:118][410]LogModuleManager: Shutting down and abandoning module Core (156)
[2019.09.30-14.05.40:118][410]LogModuleManager: Shutting down and abandoning module KismetCompiler (154)
[2019.09.30-14.05.40:118][410]LogModuleManager: Shutting down and abandoning module MeshUtilities (152)
[2019.09.30-14.05.40:118][410]LogModuleManager: Shutting down and abandoning module MeshMergeUtilities (151)
[2019.09.30-14.05.40:118][410]LogModuleManager: Shutting down and abandoning module MeshReductionInterface (150)
[2019.09.30-14.05.40:118][410]LogModuleManager: Shutting down and abandoning module SkeletalMeshReduction (149)
[2019.09.30-14.05.40:118][410]LogModuleManager: Shutting down and abandoning module ProxyLODMeshReduction (147)
[2019.09.30-14.05.40:118][410]LogModuleManager: Shutting down and abandoning module QuadricMeshReduction (145)
[2019.09.30-14.05.40:118][410]LogModuleManager: Shutting down and abandoning module MaterialBaking (141)
[2019.09.30-14.05.40:118][410]LogModuleManager: Shutting down and abandoning module NullInstallBundleManager (136)
[2019.09.30-14.05.40:118][410]LogModuleManager: Shutting down and abandoning module PIEPreviewDeviceProfileSelector (134)
[2019.09.30-14.05.40:118][410]LogModuleManager: Shutting down and abandoning module DerivedDataCache (132)
[2019.09.30-14.05.40:159][410]LogDerivedDataCache: Shutdown
[2019.09.30-14.05.40:159][410]LogModuleManager: Shutting down and abandoning module XGEController (130)
[2019.09.30-14.05.40:159][410]LogModuleManager: Shutting down and abandoning module TargetPlatform (128)
[2019.09.30-14.05.40:159][410]LogModuleManager: Shutting down and abandoning module VulkanShaderFormat (127)
[2019.09.30-14.05.40:159][410]LogModuleManager: Shutting down and abandoning module ShaderFormatVectorVM (125)
[2019.09.30-14.05.40:159][410]LogModuleManager: Shutting down and abandoning module ShaderFormatOpenGL (123)
[2019.09.30-14.05.40:159][410]LogModuleManager: Shutting down and abandoning module ShaderFormatD3D (121)
[2019.09.30-14.05.40:159][410]LogModuleManager: Shutting down and abandoning module MetalShaderFormat (119)
[2019.09.30-14.05.40:159][410]LogModuleManager: Shutting down and abandoning module TextureFormatUncompressed (117)
[2019.09.30-14.05.40:159][410]LogModuleManager: Shutting down and abandoning module TextureFormatPVR (115)
[2019.09.30-14.05.40:159][410]LogModuleManager: Shutting down and abandoning module TextureFormatDXT (113)
[2019.09.30-14.05.40:159][410]LogModuleManager: Shutting down and abandoning module TextureFormatIntelISPCTexComp (111)
[2019.09.30-14.05.40:160][410]LogModuleManager: Shutting down and abandoning module TextureFormatASTC (109)
[2019.09.30-14.05.40:160][410]LogModuleManager: Shutting down and abandoning module ImageWrapper (108)
[2019.09.30-14.05.40:160][410]LogModuleManager: Shutting down and abandoning module TextureFormatAndroid (105)
[2019.09.30-14.05.40:160][410]LogModuleManager: Shutting down and abandoning module AudioFormatOpus (103)
[2019.09.30-14.05.40:160][410]LogModuleManager: Shutting down and abandoning module AudioFormatOgg (101)
[2019.09.30-14.05.40:160][410]LogModuleManager: Shutting down and abandoning module AudioFormatADPCM (99)
[2019.09.30-14.05.40:160][410]LogModuleManager: Shutting down and abandoning module WindowsTargetPlatform (97)
[2019.09.30-14.05.40:160][410]LogModuleManager: Shutting down and abandoning module WindowsServerTargetPlatform (95)
[2019.09.30-14.05.40:160][410]LogModuleManager: Shutting down and abandoning module WindowsNoEditorTargetPlatform (93)
[2019.09.30-14.05.40:160][410]LogModuleManager: Shutting down and abandoning module WindowsClientTargetPlatform (91)
[2019.09.30-14.05.40:160][410]LogModuleManager: Shutting down and abandoning module InputCore (88)
[2019.09.30-14.05.40:160][410]LogModuleManager: Shutting down and abandoning module Settings (86)
[2019.09.30-14.05.40:160][410]LogModuleManager: Shutting down and abandoning module PhysXCooking (84)
[2019.09.30-14.05.40:160][410]LogModuleManager: Shutting down and abandoning module WindowsPlatformFeatures (82)
[2019.09.30-14.05.40:160][410]LogModuleManager: Shutting down and abandoning module GameplayMediaEncoder (81)
[2019.09.30-14.05.40:160][410]LogModuleManager: Shutting down and abandoning module SteamVR (78)
[2019.09.30-14.05.40:160][410]LogHMD: Freeing OpenVRDLLHandle.
[2019.09.30-14.05.40:160][410]LogModuleManager: Shutting down and abandoning module OculusHMD (76)
[2019.09.30-14.05.40:160][410]LogModuleManager: Shutting down and abandoning module ExampleDeviceProfileSelector (74)
[2019.09.30-14.05.40:160][410]LogModuleManager: Shutting down and abandoning module LauncherChunkInstaller (72)
[2019.09.30-14.05.40:160][410]LogModuleManager: Shutting down and abandoning module OnlineBlueprintSupport (70)
[2019.09.30-14.05.40:160][410]LogModuleManager: Shutting down and abandoning module OnlineSubsystem (66)
[2019.09.30-14.05.40:161][410]LogModuleManager: Shutting down and abandoning module XMPP (61)
[2019.09.30-14.05.40:161][410]LogModuleManager: Shutting down and abandoning module WebSockets (60)
[2019.09.30-14.05.40:178][410]LogModuleManager: Shutting down and abandoning module HTTP (57)
[2019.09.30-14.05.40:184][410]LogModuleManager: Shutting down and abandoning module SSL (56)
[2019.09.30-14.05.40:185][410]LogModuleManager: Shutting down and abandoning module WmfMedia (52)
[2019.09.30-14.05.40:187][410]LogModuleManager: Shutting down and abandoning module Media (51)
[2019.09.30-14.05.40:188][410]LogModuleManager: Shutting down and abandoning module MagicLeap (48)
[2019.09.30-14.05.40:188][410]LogModuleManager: Shutting down and abandoning module DatasmithContent (46)
[2019.09.30-14.05.40:188][410]LogModuleManager: Shutting down and abandoning module AISupportModule (44)
[2019.09.30-14.05.40:188][410]LogModuleManager: Shutting down and abandoning module PlatformCryptoOpenSSL (42)
[2019.09.30-14.05.40:188][410]LogModuleManager: Shutting down and abandoning module PlatformCrypto (40)
[2019.09.30-14.05.40:188][410]LogModuleManager: Shutting down and abandoning module AnimationModifiers (38)
[2019.09.30-14.05.40:188][410]LogModuleManager: Shutting down and abandoning module PropertyEditor (37)
[2019.09.30-14.05.40:189][410]LogModuleManager: Shutting down and abandoning module AudioEditor (34)
[2019.09.30-14.05.40:189][410]LogModuleManager: Shutting down and abandoning module TextureCompressor (32)
[2019.09.30-14.05.40:189][410]LogModuleManager: Shutting down and abandoning module RenderCore (30)
[2019.09.30-14.05.40:189][410]LogModuleManager: Shutting down and abandoning module Landscape (28)
[2019.09.30-14.05.40:189][410]LogModuleManager: Shutting down and abandoning module SlateRHIRenderer (26)
[2019.09.30-14.05.40:189][410]LogModuleManager: Shutting down and abandoning module OpenGLDrv (24)
[2019.09.30-14.05.40:189][410]LogModuleManager: Shutting down and abandoning module D3D11RHI (22)
[2019.09.30-14.05.40:189][410]LogModuleManager: Shutting down and abandoning module AnimGraphRuntime (20)
[2019.09.30-14.05.40:189][410]LogModuleManager: Shutting down and abandoning module Renderer (18)
[2019.09.30-14.05.40:189][410]LogModuleManager: Shutting down and abandoning module Engine (16)
[2019.09.30-14.05.40:189][410]LogModuleManager: Shutting down and abandoning module CoreUObject (14)
[2019.09.30-14.05.40:189][410]LogModuleManager: Shutting down and abandoning module NetworkFile (12)
[2019.09.30-14.05.40:189][410]LogModuleManager: Shutting down and abandoning module CookedIterativeFile (10)
[2019.09.30-14.05.40:189][410]LogModuleManager: Shutting down and abandoning module StreamingFile (8)
[2019.09.30-14.05.40:189][410]LogModuleManager: Shutting down and abandoning module SandboxFile (6)
[2019.09.30-14.05.40:189][410]LogModuleManager: Shutting down and abandoning module PakFile (4)
[2019.09.30-14.05.40:189][410]LogModuleManager: Shutting down and abandoning module RSA (3)
[2019.09.30-14.05.40:190][410]LogD3D11RHI: Shutdown
[2019.09.30-14.05.40:190][410]LogD3D11RHI: CleanupD3DDevice
[2019.09.30-14.05.40:190][410]LogRendererCore: FGlobalDynamicReadBuffer::Cleanup()
[2019.09.30-14.05.40:190][410]LogRendererCore: FGlobalDynamicReadBuffer::Cleanup()
[2019.09.30-14.05.40:190][410]LogRendererCore: FGlobalDynamicReadBuffer::Cleanup()
[2019.09.30-14.05.40:304][410]LogD3D11RHI: ~FD3D11DynamicRHI
[2019.09.30-14.05.40:312][410]LogExit: Exiting.
[2019.09.30-14.05.40:351][410]Log file closed, 09/30/19 17:05:40
